Invalid MIT-MAGIC-COOKIE-1 keyOpenParEM3D Copyright (C) 2022 Brian Young

This program comes with ABSOLUTELY NO WARRANTY.  This is free software,
and you are welcome to distribute it under certain conditions. To see
the full license, set
  output.show.license true
in the setup file.

Setting up ...
   loading project file "straight_order_8.proj"
      Warning: Value at line 9 is large.
   loading materials file "../../../../OpenParEM2D/regression/global_materials.txt"
Loading mesh and assigning materials ...
   loading gmsh mesh format
   loading port definition file "straight_ports.txt"
*******************************************************************************************************************************************************
 Frequency: 9e+09
*******************************************************************************************************************************************************
Mesh::GeneratePartitioning(...): METIS returned 2 empty parts! Applying a simple fix ...
   Refining mesh starting with the initial mesh.
   Iteration 1 ...
      mesh worst element aspect ratio: 6.11284 > target: 5
      mesh size: 30
      mesh edge length/wavelength in element: shortest=0.305102 longest=1.53217
      solving 2D ports ...
         Port "input" ...
         | OpenParEM2D Copyright (C) 2022 Brian Young
         | 
         | This program comes with ABSOLUTELY NO WARRANTY.  This is free software,
         | and you are welcome to distribute it under certain conditions. To see
         | the full license, set
         |   output.show.license true
         | in the setup file.
         | 
         | Setting up ...
         |    loading project file "Sinput.proj"
         |    loading materials file "../../../../../../OpenParEM2D/regression/global_materials.txt"
         |    loading mode definition file "Sinput_lines.txt"
         | Loading mesh and assigning materials ...
         |    loading MFEM mesh format
         | Frequency: 9e+09
         |    Using existing mesh ...
         |       mesh size: 4
         |       mesh worst element aspect ratio: 3.89711 < target: 5
         |       Solving ...
         |          matrix size: 433
         |          solving the eigenvalue problem ...
         |             number of iterations: 53
         |          post processing ...
         |          solve elapsed time: 0.803501 s
         |       Results:
         |          -------------------------------------------------------------------------------------------------------------------------
         |           mode     frequency           er,eff       alpha,dB/m  beta/1000,rad/m          beta/ko         Zo(real)         Zo(imag)
         |          -------------------------------------------------------------------------------------------------------------------------
         |           1            9e+09       0.46978408   -1.0932405e-10        0.1292858       0.68540796        488.57212   -3.6834281e-11
         |          -------------------------------------------------------------------------------------------------------------------------
         |       Finished
         |       cummulative elapsed time: 0.825237 s
         | Job Complete
         | Elapsed time: 0.825423 s
         Port "output" ...
         | OpenParEM2D Copyright (C) 2022 Brian Young
         | 
         | This program comes with ABSOLUTELY NO WARRANTY.  This is free software,
         | and you are welcome to distribute it under certain conditions. To see
         | the full license, set
         |   output.show.license true
         | in the setup file.
         | 
         | Setting up ...
         |    loading project file "Soutput.proj"
         |    loading materials file "../../../../../../OpenParEM2D/regression/global_materials.txt"
         |    loading mode definition file "Soutput_lines.txt"
         | Loading mesh and assigning materials ...
         |    loading MFEM mesh format
         | Frequency: 9e+09
         |    Using existing mesh ...
         |       mesh size: 4
         |       mesh worst element aspect ratio: 3.89711 < target: 5
         |       Solving ...
         |          matrix size: 433
         |          solving the eigenvalue problem ...
         |             number of iterations: 48
         |          post processing ...
         |          solve elapsed time: 0.632812 s
         |       Results:
         |          -------------------------------------------------------------------------------------------------------------------------
         |           mode     frequency           er,eff       alpha,dB/m  beta/1000,rad/m          beta/ko         Zo(real)         Zo(imag)
         |          -------------------------------------------------------------------------------------------------------------------------
         |           1            9e+09       0.46978408   -4.7004166e-11        0.1292858       0.68540796        488.57212   -1.5858846e-11
         |          -------------------------------------------------------------------------------------------------------------------------
         |       Finished
         |       cummulative elapsed time: 0.644253 s
         | Job Complete
         | Elapsed time: 0.644369 s
      building finite element spaces ...
      Driving S-port 1 ...
         solving E field in 3D volume ...
            using Cholesky preconditioner ...
               Converged: RTOL
         solving H field in 3D volume ...
            using Cholesky preconditioner ...
               Converged: RTOL
         post-processing ...
         calculating mesh errors ...
            INFO: Calculated mesh errors are approximate with the final error of 0.00112297 > the target of 0.001.
      Driving S-port 2 ...
         solving E field in 3D volume ...
            using Cholesky preconditioner ...
               Converged: RTOL
         solving H field in 3D volume ...
            using Cholesky preconditioner ...
               Converged: RTOL
         post-processing ...
         calculating mesh errors ...
         refining mesh ...
            INFO: Skipping Touchstone file output for non-renormalized data.
   Iteration 2 ...
      mesh worst element aspect ratio: 10.2871 > target: 5
      mesh size: 74
      mesh edge length/wavelength in element: shortest=0.305102 longest=1.53217
      solving 2D ports ...
         Port "input" ...
         | OpenParEM2D Copyright (C) 2022 Brian Young
         | 
         | This program comes with ABSOLUTELY NO WARRANTY.  This is free software,
         | and you are welcome to distribute it under certain conditions. To see
         | the full license, set
         |   output.show.license true
         | in the setup file.
         | 
         | Setting up ...
         |    loading project file "Sinput.proj"
         |    loading materials file "../../../../../../OpenParEM2D/regression/global_materials.txt"
         |    loading mode definition file "Sinput_lines.txt"
         | Loading mesh and assigning materials ...
         |    loading MFEM mesh format
         | Frequency: 9e+09
         |    Using existing mesh ...
         |       mesh size: 4
         |       mesh worst element aspect ratio: 3.89711 < target: 5
         |       Solving ...
         |          matrix size: 433
         |          solving the eigenvalue problem ...
         |             using initial guess for the dominant eigenvalue
         |             number of iterations: 2
         |          post processing ...
         |          solve elapsed time: 0.352956 s
         |       Results:
         |          -------------------------------------------------------------------------------------------------------------------------
         |           mode     frequency           er,eff       alpha,dB/m  beta/1000,rad/m          beta/ko         Zo(real)         Zo(imag)
         |          -------------------------------------------------------------------------------------------------------------------------
         |           1            9e+09       0.46978408   -2.3608318e-13        0.1292858       0.68540796        488.57212   -4.1860327e-13
         |          -------------------------------------------------------------------------------------------------------------------------
         |       Finished
         |       cummulative elapsed time: 0.364295 s
         | Job Complete
         | Elapsed time: 0.364403 s
         Port "output" ...
         | OpenParEM2D Copyright (C) 2022 Brian Young
         | 
         | This program comes with ABSOLUTELY NO WARRANTY.  This is free software,
         | and you are welcome to distribute it under certain conditions. To see
         | the full license, set
         |   output.show.license true
         | in the setup file.
         | 
         | Setting up ...
         |    loading project file "Soutput.proj"
         |    loading materials file "../../../../../../OpenParEM2D/regression/global_materials.txt"
         |    loading mode definition file "Soutput_lines.txt"
         | Loading mesh and assigning materials ...
         |    loading MFEM mesh format
         | Frequency: 9e+09
         |    Using existing mesh ...
         |       mesh size: 8
         |       mesh worst element aspect ratio: 3.89711 < target: 5
         |       Solving ...
         |          matrix size: 849
         |          solving the eigenvalue problem ...
         |             using initial guess for the dominant eigenvalue
         |             number of iterations: 2
         |          post processing ...
         |          solve elapsed time: 0.802536 s
         |       Results:
         |          -------------------------------------------------------------------------------------------------------------------------
         |           mode     frequency           er,eff       alpha,dB/m  beta/1000,rad/m          beta/ko         Zo(real)         Zo(imag)
         |          -------------------------------------------------------------------------------------------------------------------------
         |           1            9e+09       0.46978408   -5.4236539e-13        0.1292858       0.68540796        488.57224   -2.0136242e-13
         |          -------------------------------------------------------------------------------------------------------------------------
         |       Finished
         |       cummulative elapsed time: 0.824284 s
         | Job Complete
         | Elapsed time: 0.824406 s
      building finite element spaces ...
      Driving S-port 1 ...
         solving E field in 3D volume ...
            using Cholesky preconditioner ...
               Converged: RTOL
         solving H field in 3D volume ...
            using Cholesky preconditioner ...
               Converged: RTOL
         post-processing ...
         calculating mesh errors ...
            INFO: Calculated mesh errors are approximate with the final error of 0.00106327 > the target of 0.001.
      Driving S-port 2 ...
         solving E field in 3D volume ...
            using Cholesky preconditioner ...
               Converged: RTOL
         solving H field in 3D volume ...
            using Cholesky preconditioner ...
               Converged: RTOL
         post-processing ...
         calculating mesh errors ...
         refining mesh ...
            INFO: Skipping Touchstone file output for non-renormalized data.
   Iteration 3 ...
      mesh worst element aspect ratio: 10.2871 > target: 5
      mesh size: 134
      mesh edge length/wavelength in element: shortest=0.152551 longest=0.825488
      solving 2D ports ...
         Port "input" ...
         | OpenParEM2D Copyright (C) 2022 Brian Young
         | 
         | This program comes with ABSOLUTELY NO WARRANTY.  This is free software,
         | and you are welcome to distribute it under certain conditions. To see
         | the full license, set
         |   output.show.license true
         | in the setup file.
         | 
         | Setting up ...
         |    loading project file "Sinput.proj"
         |    loading materials file "../../../../../../OpenParEM2D/regression/global_materials.txt"
         |    loading mode definition file "Sinput_lines.txt"
         | Loading mesh and assigning materials ...
         |    loading MFEM mesh format
         | Frequency: 9e+09
         |    Using existing mesh ...
         |       mesh size: 4
         |       mesh worst element aspect ratio: 3.89711 < target: 5
         |       Solving ...
         |          matrix size: 433
         |          solving the eigenvalue problem ...
         |             using initial guess for the dominant eigenvalue
         |             number of iterations: 2
         |          post processing ...
         |          solve elapsed time: 0.337126 s
         |       Results:
         |          -------------------------------------------------------------------------------------------------------------------------
         |           mode     frequency           er,eff       alpha,dB/m  beta/1000,rad/m          beta/ko         Zo(real)         Zo(imag)
         |          -------------------------------------------------------------------------------------------------------------------------
         |           1            9e+09       0.46978408    3.6335153e-12        0.1292858       0.68540796        488.57212    1.6757508e-12
         |          -------------------------------------------------------------------------------------------------------------------------
         |       Finished
         |       cummulative elapsed time: 0.348515 s
         | Job Complete
         | Elapsed time: 0.34864 s
         Port "output" ...
         | OpenParEM2D Copyright (C) 2022 Brian Young
         | 
         | This program comes with ABSOLUTELY NO WARRANTY.  This is free software,
         | and you are welcome to distribute it under certain conditions. To see
         | the full license, set
         |   output.show.license true
         | in the setup file.
         | 
         | Setting up ...
         |    loading project file "Soutput.proj"
         |    loading materials file "../../../../../../OpenParEM2D/regression/global_materials.txt"
         |    loading mode definition file "Soutput_lines.txt"
         | Loading mesh and assigning materials ...
         |    loading MFEM mesh format
         | Frequency: 9e+09
         |    Using existing mesh ...
         |       mesh size: 8
         |       mesh worst element aspect ratio: 3.89711 < target: 5
         |       Solving ...
         |          matrix size: 849
         |          solving the eigenvalue problem ...
         |             using initial guess for the dominant eigenvalue
         |             number of iterations: 2
         |          post processing ...
         |          solve elapsed time: 0.800556 s
         |       Results:
         |          -------------------------------------------------------------------------------------------------------------------------
         |           mode     frequency           er,eff       alpha,dB/m  beta/1000,rad/m          beta/ko         Zo(real)         Zo(imag)
         |          -------------------------------------------------------------------------------------------------------------------------
         |           1            9e+09       0.46978408     2.097913e-12        0.1292858       0.68540796        488.57224    8.7805983e-13
         |          -------------------------------------------------------------------------------------------------------------------------
         |       Finished
         |       cummulative elapsed time: 0.82251 s
         | Job Complete
         | Elapsed time: 0.82264 s
      building finite element spaces ...
      Driving S-port 1 ...
         solving E field in 3D volume ...
            using Cholesky preconditioner ...
               Converged: RTOL
         solving H field in 3D volume ...
            using Cholesky preconditioner ...
               Converged: RTOL
         post-processing ...
         calculating mesh errors ...
      Driving S-port 2 ...
         solving E field in 3D volume ...
            using Cholesky preconditioner ...
            re-trying ...
               Converged: RTOL
         solving H field in 3D volume ...
            using Cholesky preconditioner ...
               Converged: RTOL
         post-processing ...
         calculating mesh errors ...
         refining mesh ...
            INFO: Skipping Touchstone file output for non-renormalized data.
   Iteration 4 ...
      mesh worst element aspect ratio: 10.2871 > target: 5
      mesh size: 175
      mesh edge length/wavelength in element: shortest=0.152551 longest=0.825488
      solving 2D ports ...
         Port "input" ...
         | OpenParEM2D Copyright (C) 2022 Brian Young
         | 
         | This program comes with ABSOLUTELY NO WARRANTY.  This is free software,
         | and you are welcome to distribute it under certain conditions. To see
         | the full license, set
         |   output.show.license true
         | in the setup file.
         | 
         | Setting up ...
         |    loading project file "Sinput.proj"
         |    loading materials file "../../../../../../OpenParEM2D/regression/global_materials.txt"
         |    loading mode definition file "Sinput_lines.txt"
         | Loading mesh and assigning materials ...
         |    loading MFEM mesh format
         | Frequency: 9e+09
         |    Using existing mesh ...
         |       mesh size: 4
         |       mesh worst element aspect ratio: 3.89711 < target: 5
         |       Solving ...
         |          matrix size: 433
         |          solving the eigenvalue problem ...
         |             using initial guess for the dominant eigenvalue
         |             number of iterations: 2
         |          post processing ...
         |          solve elapsed time: 0.354716 s
         |       Results:
         |          -------------------------------------------------------------------------------------------------------------------------
         |           mode     frequency           er,eff       alpha,dB/m  beta/1000,rad/m          beta/ko         Zo(real)         Zo(imag)
         |          -------------------------------------------------------------------------------------------------------------------------
         |           1            9e+09       0.46978408    4.4677224e-12        0.1292858       0.68540796        488.57212    1.9244242e-12
         |          -------------------------------------------------------------------------------------------------------------------------
         |       Finished
         |       cummulative elapsed time: 0.366122 s
         | Job Complete
         | Elapsed time: 0.366238 s
         Port "output" ...
         | OpenParEM2D Copyright (C) 2022 Brian Young
         | 
         | This program comes with ABSOLUTELY NO WARRANTY.  This is free software,
         | and you are welcome to distribute it under certain conditions. To see
         | the full license, set
         |   output.show.license true
         | in the setup file.
         | 
         | Setting up ...
         |    loading project file "Soutput.proj"
         |    loading materials file "../../../../../../OpenParEM2D/regression/global_materials.txt"
         |    loading mode definition file "Soutput_lines.txt"
         | Loading mesh and assigning materials ...
         |    loading MFEM mesh format
         | Frequency: 9e+09
         |    Using existing mesh ...
         |       mesh size: 8
         |       mesh worst element aspect ratio: 3.89711 < target: 5
         |       Solving ...
         |          matrix size: 849
         |          solving the eigenvalue problem ...
         |             using initial guess for the dominant eigenvalue
         |             number of iterations: 2
         |          post processing ...
         |          solve elapsed time: 0.796137 s
         |       Results:
         |          -------------------------------------------------------------------------------------------------------------------------
         |           mode     frequency           er,eff       alpha,dB/m  beta/1000,rad/m          beta/ko         Zo(real)         Zo(imag)
         |          -------------------------------------------------------------------------------------------------------------------------
         |           1            9e+09       0.46978408   -1.8404403e-12        0.1292858       0.68540796        488.57224   -7.6597638e-13
         |          -------------------------------------------------------------------------------------------------------------------------
         |       Finished
         |       cummulative elapsed time: 0.818107 s
         | Job Complete
         | Elapsed time: 0.818227 s
      building finite element spaces ...
      Driving S-port 1 ...
         solving E field in 3D volume ...
            using Cholesky preconditioner ...
               Converged: RTOL
         solving H field in 3D volume ...
            using Cholesky preconditioner ...
               Converged: RTOL
         post-processing ...
         calculating mesh errors ...
      Driving S-port 2 ...
         solving E field in 3D volume ...
            using Cholesky preconditioner ...
               Converged: RTOL
         solving H field in 3D volume ...
            using Cholesky preconditioner ...
               Converged: RTOL
         post-processing ...
         calculating mesh errors ...
            INFO: Calculated mesh errors are approximate with the final error of 0.00107915 > the target of 0.001.
         refining mesh ...
            INFO: Skipping Touchstone file output for non-renormalized data.
   Iteration 5 ...
      mesh worst element aspect ratio: 11.8138 > target: 5
      mesh size: 329
      mesh edge length/wavelength in element: shortest=0.152551 longest=0.825488
      solving 2D ports ...
         Port "input" ...
         | OpenParEM2D Copyright (C) 2022 Brian Young
         | 
         | This program comes with ABSOLUTELY NO WARRANTY.  This is free software,
         | and you are welcome to distribute it under certain conditions. To see
         | the full license, set
         |   output.show.license true
         | in the setup file.
         | 
         | Setting up ...
         |    loading project file "Sinput.proj"
         |    loading materials file "../../../../../../OpenParEM2D/regression/global_materials.txt"
         |    loading mode definition file "Sinput_lines.txt"
         | Loading mesh and assigning materials ...
         |    loading MFEM mesh format
         | Frequency: 9e+09
         |    Using existing mesh ...
         |       mesh size: 4
         |       mesh worst element aspect ratio: 3.89711 < target: 5
         |       Solving ...
         |          matrix size: 433
         |          solving the eigenvalue problem ...
         |             using initial guess for the dominant eigenvalue
         |             number of iterations: 2
         |          post processing ...
         |          solve elapsed time: 0.362025 s
         |       Results:
         |          -------------------------------------------------------------------------------------------------------------------------
         |           mode     frequency           er,eff       alpha,dB/m  beta/1000,rad/m          beta/ko         Zo(real)         Zo(imag)
         |          -------------------------------------------------------------------------------------------------------------------------
         |           1            9e+09       0.46978408    1.7193101e-12        0.1292858       0.68540796        488.57212    8.5184427e-13
         |          -------------------------------------------------------------------------------------------------------------------------
         |       Finished
         |       cummulative elapsed time: 0.373421 s
         | Job Complete
         | Elapsed time: 0.373524 s
         Port "output" ...
         | OpenParEM2D Copyright (C) 2022 Brian Young
         | 
         | This program comes with ABSOLUTELY NO WARRANTY.  This is free software,
         | and you are welcome to distribute it under certain conditions. To see
         | the full license, set
         |   output.show.license true
         | in the setup file.
         | 
         | Setting up ...
         |    loading project file "Soutput.proj"
         |    loading materials file "../../../../../../OpenParEM2D/regression/global_materials.txt"
         |    loading mode definition file "Soutput_lines.txt"
         | Loading mesh and assigning materials ...
         |    loading MFEM mesh format
         | Frequency: 9e+09
         |    Using existing mesh ...
         |       mesh size: 8
         |       mesh worst element aspect ratio: 3.89711 < target: 5
         |       Solving ...
         |          matrix size: 849
         |          solving the eigenvalue problem ...
         |             using initial guess for the dominant eigenvalue
         |             number of iterations: 2
         |          post processing ...
         |          solve elapsed time: 0.80548 s
         |       Results:
         |          -------------------------------------------------------------------------------------------------------------------------
         |           mode     frequency           er,eff       alpha,dB/m  beta/1000,rad/m          beta/ko         Zo(real)         Zo(imag)
         |          -------------------------------------------------------------------------------------------------------------------------
         |           1            9e+09       0.46978408   -5.9988239e-13        0.1292858       0.68540796        488.57224   -3.8260253e-13
         |          -------------------------------------------------------------------------------------------------------------------------
         |       Finished
         |       cummulative elapsed time: 0.827485 s
         | Job Complete
         | Elapsed time: 0.827611 s
      building finite element spaces ...
      Driving S-port 1 ...
         solving E field in 3D volume ...
            using Cholesky preconditioner ...
               Converged: RTOL
         solving H field in 3D volume ...
            using Cholesky preconditioner ...
               Converged: RTOL
         post-processing ...
         calculating mesh errors ...
            INFO: Calculated mesh errors are approximate with the final error of 0.00109254 > the target of 0.001.
      Driving S-port 2 ...
         solving E field in 3D volume ...
            using Cholesky preconditioner ...
               Converged: RTOL
         solving H field in 3D volume ...
            using Cholesky preconditioner ...
               Converged: RTOL
         post-processing ...
         calculating mesh errors ...
            INFO: Calculated mesh errors are approximate with the final error of 0.00108608 > the target of 0.001.
         refining mesh ...
            INFO: Skipping Touchstone file output for non-renormalized data.
   Iteration 6 ...
      mesh worst element aspect ratio: 11.8138 > target: 5
      mesh size: 359
      mesh edge length/wavelength in element: shortest=0.152551 longest=0.825488
      solving 2D ports ...
         Port "input" ...
         | OpenParEM2D Copyright (C) 2022 Brian Young
         | 
         | This program comes with ABSOLUTELY NO WARRANTY.  This is free software,
         | and you are welcome to distribute it under certain conditions. To see
         | the full license, set
         |   output.show.license true
         | in the setup file.
         | 
         | Setting up ...
         |    loading project file "Sinput.proj"
         |    loading materials file "../../../../../../OpenParEM2D/regression/global_materials.txt"
         |    loading mode definition file "Sinput_lines.txt"
         | Loading mesh and assigning materials ...
         |    loading MFEM mesh format
         | Frequency: 9e+09
         |    Using existing mesh ...
         |       mesh size: 8
         |       mesh worst element aspect ratio: 3.89711 < target: 5
         |       Solving ...
         |          matrix size: 849
         |          solving the eigenvalue problem ...
         |             using initial guess for the dominant eigenvalue
         |             number of iterations: 2
         |          post processing ...
         |          solve elapsed time: 0.57899 s
         |       Results:
         |          -------------------------------------------------------------------------------------------------------------------------
         |           mode     frequency           er,eff       alpha,dB/m  beta/1000,rad/m          beta/ko         Zo(real)         Zo(imag)
         |          -------------------------------------------------------------------------------------------------------------------------
         |           1            9e+09       0.46978408   -1.4901247e-12        0.1292858       0.68540796        488.57224   -7.9688025e-13
         |          -------------------------------------------------------------------------------------------------------------------------
         |       Finished
         |       cummulative elapsed time: 0.596418 s
         | Job Complete
         | Elapsed time: 0.596543 s
         Port "output" ...
         | OpenParEM2D Copyright (C) 2022 Brian Young
         | 
         | This program comes with ABSOLUTELY NO WARRANTY.  This is free software,
         | and you are welcome to distribute it under certain conditions. To see
         | the full license, set
         |   output.show.license true
         | in the setup file.
         | 
         | Setting up ...
         |    loading project file "Soutput.proj"
         |    loading materials file "../../../../../../OpenParEM2D/regression/global_materials.txt"
         |    loading mode definition file "Soutput_lines.txt"
         | Loading mesh and assigning materials ...
         |    loading MFEM mesh format
         | Frequency: 9e+09
         |    Using existing mesh ...
         |       mesh size: 8
         |       mesh worst element aspect ratio: 3.89711 < target: 5
         |       Solving ...
         |          matrix size: 849
         |          solving the eigenvalue problem ...
         |             using initial guess for the dominant eigenvalue
         |             number of iterations: 2
         |          post processing ...
         |          solve elapsed time: 0.801882 s
         |       Results:
         |          -------------------------------------------------------------------------------------------------------------------------
         |           mode     frequency           er,eff       alpha,dB/m  beta/1000,rad/m          beta/ko         Zo(real)         Zo(imag)
         |          -------------------------------------------------------------------------------------------------------------------------
         |           1            9e+09       0.46978408    3.5025371e-13        0.1292858       0.68540796        488.57224    1.4116735e-13
         |          -------------------------------------------------------------------------------------------------------------------------
         |       Finished
         |       cummulative elapsed time: 0.823783 s
         | Job Complete
         | Elapsed time: 0.823912 s
      building finite element spaces ...
      Driving S-port 1 ...
         solving E field in 3D volume ...
            using Cholesky preconditioner ...
               Converged: RTOL
         solving H field in 3D volume ...
            using Cholesky preconditioner ...
               Converged: RTOL
         post-processing ...
         calculating mesh errors ...
            INFO: Calculated mesh errors are approximate with the final error of 0.00111385 > the target of 0.001.
      Driving S-port 2 ...
         solving E field in 3D volume ...
            using Cholesky preconditioner ...
               Converged: RTOL
         solving H field in 3D volume ...
            using Cholesky preconditioner ...
               Converged: RTOL
         post-processing ...
         calculating mesh errors ...
            INFO: Calculated mesh errors are approximate with the final error of 0.0011228 > the target of 0.001.
         refining mesh ...
            INFO: Skipping Touchstone file output for non-renormalized data.
   Iteration 7 ...
      mesh worst element aspect ratio: 11.8138 > target: 5
      mesh size: 435
      mesh edge length/wavelength in element: shortest=0.0762756 longest=0.766087
      solving 2D ports ...
         Port "input" ...
         | OpenParEM2D Copyright (C) 2022 Brian Young
         | 
         | This program comes with ABSOLUTELY NO WARRANTY.  This is free software,
         | and you are welcome to distribute it under certain conditions. To see
         | the full license, set
         |   output.show.license true
         | in the setup file.
         | 
         | Setting up ...
         |    loading project file "Sinput.proj"
         |    loading materials file "../../../../../../OpenParEM2D/regression/global_materials.txt"
         |    loading mode definition file "Sinput_lines.txt"
         | Loading mesh and assigning materials ...
         |    loading MFEM mesh format
         | Frequency: 9e+09
         |    Using existing mesh ...
         |       mesh size: 8
         |       mesh worst element aspect ratio: 3.89711 < target: 5
         |       Solving ...
         |          matrix size: 849
         |          solving the eigenvalue problem ...
         |             using initial guess for the dominant eigenvalue
         |             number of iterations: 2
         |          post processing ...
         |          solve elapsed time: 0.630035 s
         |       Results:
         |          -------------------------------------------------------------------------------------------------------------------------
         |           mode     frequency           er,eff       alpha,dB/m  beta/1000,rad/m          beta/ko         Zo(real)         Zo(imag)
         |          -------------------------------------------------------------------------------------------------------------------------
         |           1            9e+09       0.46978408    2.1812548e-12        0.1292858       0.68540796        488.57224    9.1283447e-13
         |          -------------------------------------------------------------------------------------------------------------------------
         |       Finished
         |       cummulative elapsed time: 0.647729 s
         | Job Complete
         | Elapsed time: 0.647856 s
         Port "output" ...
         | OpenParEM2D Copyright (C) 2022 Brian Young
         | 
         | This program comes with ABSOLUTELY NO WARRANTY.  This is free software,
         | and you are welcome to distribute it under certain conditions. To see
         | the full license, set
         |   output.show.license true
         | in the setup file.
         | 
         | Setting up ...
         |    loading project file "Soutput.proj"
         |    loading materials file "../../../../../../OpenParEM2D/regression/global_materials.txt"
         |    loading mode definition file "Soutput_lines.txt"
         | Loading mesh and assigning materials ...
         |    loading MFEM mesh format
         | Frequency: 9e+09
         |    Using existing mesh ...
         |       mesh size: 8
         |       mesh worst element aspect ratio: 3.89711 < target: 5
         |       Solving ...
         |          matrix size: 849
         |          solving the eigenvalue problem ...
         |             using initial guess for the dominant eigenvalue
         |             number of iterations: 2
         |          post processing ...
         |          solve elapsed time: 0.798057 s
         |       Results:
         |          -------------------------------------------------------------------------------------------------------------------------
         |           mode     frequency           er,eff       alpha,dB/m  beta/1000,rad/m          beta/ko         Zo(real)         Zo(imag)
         |          -------------------------------------------------------------------------------------------------------------------------
         |           1            9e+09       0.46978408    8.4166297e-13        0.1292858       0.68540796        488.57224    3.1279175e-13
         |          -------------------------------------------------------------------------------------------------------------------------
         |       Finished
         |       cummulative elapsed time: 0.819889 s
         | Job Complete
         | Elapsed time: 0.820021 s
      building finite element spaces ...
      Driving S-port 1 ...
         solving E field in 3D volume ...
            using Cholesky preconditioner ...
               Converged: RTOL
         solving H field in 3D volume ...
            using Cholesky preconditioner ...
               Converged: RTOL
         post-processing ...
         calculating mesh errors ...
            INFO: Calculated mesh errors are approximate with the final error of 0.00112502 > the target of 0.001.
      Driving S-port 2 ...
         solving E field in 3D volume ...
            using Cholesky preconditioner ...
               Converged: RTOL
         solving H field in 3D volume ...
            using Cholesky preconditioner ...
               Converged: RTOL
         post-processing ...
         calculating mesh errors ...
            INFO: Calculated mesh errors are approximate with the final error of 0.00116186 > the target of 0.001.
         refining mesh ...
            INFO: Skipping Touchstone file output for non-renormalized data.
   Iteration 8 ...
      mesh worst element aspect ratio: 13.0101 > target: 5
      mesh size: 527
      mesh edge length/wavelength in element: shortest=0.0762756 longest=0.750744
      solving 2D ports ...
         Port "input" ...
         | OpenParEM2D Copyright (C) 2022 Brian Young
         | 
         | This program comes with ABSOLUTELY NO WARRANTY.  This is free software,
         | and you are welcome to distribute it under certain conditions. To see
         | the full license, set
         |   output.show.license true
         | in the setup file.
         | 
         | Setting up ...
         |    loading project file "Sinput.proj"
         |    loading materials file "../../../../../../OpenParEM2D/regression/global_materials.txt"
         |    loading mode definition file "Sinput_lines.txt"
         | Loading mesh and assigning materials ...
         |    loading MFEM mesh format
         | Frequency: 9e+09
         |    Using existing mesh ...
         |       mesh size: 18
         |       mesh worst element aspect ratio: 3.89711 < target: 5
         |       Solving ...
         |          matrix size: 1865
         |          solving the eigenvalue problem ...
         |             using initial guess for the dominant eigenvalue
         |             number of iterations: 2
         |          post processing ...
         |          solve elapsed time: 1.32486 s
         |       Results:
         |          -------------------------------------------------------------------------------------------------------------------------
         |           mode     frequency           er,eff       alpha,dB/m  beta/1000,rad/m          beta/ko         Zo(real)         Zo(imag)
         |          -------------------------------------------------------------------------------------------------------------------------
         |           1            9e+09       0.46978408   -1.9738055e-12        0.1292858       0.68540796        488.57237   -8.3465067e-13
         |          -------------------------------------------------------------------------------------------------------------------------
         |       Finished
         |       cummulative elapsed time: 1.35751 s
         | Job Complete
         | Elapsed time: 1.35763 s
         Port "output" ...
         | OpenParEM2D Copyright (C) 2022 Brian Young
         | 
         | This program comes with ABSOLUTELY NO WARRANTY.  This is free software,
         | and you are welcome to distribute it under certain conditions. To see
         | the full license, set
         |   output.show.license true
         | in the setup file.
         | 
         | Setting up ...
         |    loading project file "Soutput.proj"
         |    loading materials file "../../../../../../OpenParEM2D/regression/global_materials.txt"
         |    loading mode definition file "Soutput_lines.txt"
         | Loading mesh and assigning materials ...
         |    loading MFEM mesh format
         | Frequency: 9e+09
         |    Using existing mesh ...
         |       mesh size: 8
         |       mesh worst element aspect ratio: 3.89711 < target: 5
         |       Solving ...
         |          matrix size: 849
         |          solving the eigenvalue problem ...
         |             using initial guess for the dominant eigenvalue
         |             number of iterations: 2
         |          post processing ...
         |          solve elapsed time: 0.820668 s
         |       Results:
         |          -------------------------------------------------------------------------------------------------------------------------
         |           mode     frequency           er,eff       alpha,dB/m  beta/1000,rad/m          beta/ko         Zo(real)         Zo(imag)
         |          -------------------------------------------------------------------------------------------------------------------------
         |           1            9e+09       0.46978408   -7.3869784e-13        0.1292858       0.68540796        488.57224   -1.8638103e-13
         |          -------------------------------------------------------------------------------------------------------------------------
         |       Finished
         |       cummulative elapsed time: 0.84251 s
         | Job Complete
         | Elapsed time: 0.842662 s
      building finite element spaces ...
      Driving S-port 1 ...
         solving E field in 3D volume ...
            using Cholesky preconditioner ...
               Converged: RTOL
         solving H field in 3D volume ...
            using Cholesky preconditioner ...
               Converged: RTOL
         post-processing ...
         calculating mesh errors ...
            INFO: Calculated mesh errors are approximate with the final error of 0.00113099 > the target of 0.001.
      Driving S-port 2 ...
         solving E field in 3D volume ...
            using Cholesky preconditioner ...
               Converged: RTOL
         solving H field in 3D volume ...
            using Cholesky preconditioner ...
               Converged: RTOL
         post-processing ...
         calculating mesh errors ...
            INFO: Calculated mesh errors are approximate with the final error of 0.00114228 > the target of 0.001.
         refining mesh ...
            INFO: Skipping Touchstone file output for non-renormalized data.
   Iteration 9 ...
      mesh worst element aspect ratio: 13.0101 > target: 5
      mesh size: 594
      mesh edge length/wavelength in element: shortest=0.0762756 longest=0.750744
      solving 2D ports ...
         Port "input" ...
         | OpenParEM2D Copyright (C) 2022 Brian Young
         | 
         | This program comes with ABSOLUTELY NO WARRANTY.  This is free software,
         | and you are welcome to distribute it under certain conditions. To see
         | the full license, set
         |   output.show.license true
         | in the setup file.
         | 
         | Setting up ...
         |    loading project file "Sinput.proj"
         |    loading materials file "../../../../../../OpenParEM2D/regression/global_materials.txt"
         |    loading mode definition file "Sinput_lines.txt"
         | Loading mesh and assigning materials ...
         |    loading MFEM mesh format
         | Frequency: 9e+09
         |    Using existing mesh ...
         |       mesh size: 18
         |       mesh worst element aspect ratio: 3.89711 < target: 5
         |       Solving ...
         |          matrix size: 1865
         |          solving the eigenvalue problem ...
         |             using initial guess for the dominant eigenvalue
         |             number of iterations: 2
         |          post processing ...
         |          solve elapsed time: 1.38072 s
         |       Results:
         |          -------------------------------------------------------------------------------------------------------------------------
         |           mode     frequency           er,eff       alpha,dB/m  beta/1000,rad/m          beta/ko         Zo(real)         Zo(imag)
         |          -------------------------------------------------------------------------------------------------------------------------
         |           1            9e+09       0.46978408   -2.1454792e-12        0.1292858       0.68540796        488.57237   -1.0443713e-12
         |          -------------------------------------------------------------------------------------------------------------------------
         |       Finished
         |       cummulative elapsed time: 1.41527 s
         | Job Complete
         | Elapsed time: 1.41542 s
         Port "output" ...
         | OpenParEM2D Copyright (C) 2022 Brian Young
         | 
         | This program comes with ABSOLUTELY NO WARRANTY.  This is free software,
         | and you are welcome to distribute it under certain conditions. To see
         | the full license, set
         |   output.show.license true
         | in the setup file.
         | 
         | Setting up ...
         |    loading project file "Soutput.proj"
         |    loading materials file "../../../../../../OpenParEM2D/regression/global_materials.txt"
         |    loading mode definition file "Soutput_lines.txt"
         | Loading mesh and assigning materials ...
         |    loading MFEM mesh format
         | Frequency: 9e+09
         |    Using existing mesh ...
         |       mesh size: 17
         |       mesh worst element aspect ratio: 3.89711 < target: 5
         |       Solving ...
         |          matrix size: 1757
         |          solving the eigenvalue problem ...
         |             using initial guess for the dominant eigenvalue
         |             number of iterations: 2
         |          post processing ...
         |          solve elapsed time: 1.38749 s
         |       Results:
         |          -------------------------------------------------------------------------------------------------------------------------
         |           mode     frequency           er,eff       alpha,dB/m  beta/1000,rad/m          beta/ko         Zo(real)         Zo(imag)
         |          -------------------------------------------------------------------------------------------------------------------------
         |           1            9e+09       0.46978408    8.7219982e-13        0.1292858       0.68540796        488.57237    4.1850542e-13
         |          -------------------------------------------------------------------------------------------------------------------------
         |       Finished
         |       cummulative elapsed time: 1.42264 s
         | Job Complete
         | Elapsed time: 1.42279 s
      building finite element spaces ...
      Driving S-port 1 ...
         solving E field in 3D volume ...
            using Cholesky preconditioner ...
               Converged: RTOL
         solving H field in 3D volume ...
            using Cholesky preconditioner ...
               Converged: RTOL
         post-processing ...
         calculating mesh errors ...
            INFO: Calculated mesh errors are approximate with the final error of 0.0011398 > the target of 0.001.
      Driving S-port 2 ...
         solving E field in 3D volume ...
            using Cholesky preconditioner ...
               Converged: RTOL
         solving H field in 3D volume ...
            using Cholesky preconditioner ...
               Converged: RTOL
         post-processing ...
         calculating mesh errors ...
            INFO: Calculated mesh errors are approximate with the final error of 0.00116941 > the target of 0.001.
         refining mesh ...
            INFO: Skipping Touchstone file output for non-renormalized data.
   Iteration 10 ...
      mesh worst element aspect ratio: 13.0101 > target: 5
      mesh size: 694
      mesh edge length/wavelength in element: shortest=0.0762756 longest=0.750744
      solving 2D ports ...
         Port "input" ...
         | OpenParEM2D Copyright (C) 2022 Brian Young
         | 
         | This program comes with ABSOLUTELY NO WARRANTY.  This is free software,
         | and you are welcome to distribute it under certain conditions. To see
         | the full license, set
         |   output.show.license true
         | in the setup file.
         | 
         | Setting up ...
         |    loading project file "Sinput.proj"
         |    loading materials file "../../../../../../OpenParEM2D/regression/global_materials.txt"
         |    loading mode definition file "Sinput_lines.txt"
         | Loading mesh and assigning materials ...
         |    loading MFEM mesh format
         | Frequency: 9e+09
         |    Using existing mesh ...
         |       mesh size: 18
         |       mesh worst element aspect ratio: 3.89711 < target: 5
         |       Solving ...
         |          matrix size: 1865
         |          solving the eigenvalue problem ...
         |             using initial guess for the dominant eigenvalue
         |             number of iterations: 2
         |          post processing ...
         |          solve elapsed time: 1.39051 s
         |       Results:
         |          -------------------------------------------------------------------------------------------------------------------------
         |           mode     frequency           er,eff       alpha,dB/m  beta/1000,rad/m          beta/ko         Zo(real)         Zo(imag)
         |          -------------------------------------------------------------------------------------------------------------------------
         |           1            9e+09       0.46978408    1.3841909e-12        0.1292858       0.68540796        488.57237    6.4899394e-13
         |          -------------------------------------------------------------------------------------------------------------------------
         |       Finished
         |       cummulative elapsed time: 1.42597 s
         | Job Complete
         | Elapsed time: 1.42612 s
         Port "output" ...
         | OpenParEM2D Copyright (C) 2022 Brian Young
         | 
         | This program comes with ABSOLUTELY NO WARRANTY.  This is free software,
         | and you are welcome to distribute it under certain conditions. To see
         | the full license, set
         |   output.show.license true
         | in the setup file.
         | 
         | Setting up ...
         |    loading project file "Soutput.proj"
         |    loading materials file "../../../../../../OpenParEM2D/regression/global_materials.txt"
         |    loading mode definition file "Soutput_lines.txt"
         | Loading mesh and assigning materials ...
         |    loading MFEM mesh format
         | Frequency: 9e+09
         |    Using existing mesh ...
         |       mesh size: 19
         |       mesh worst element aspect ratio: 3.89711 < target: 5
         |       Solving ...
         |          matrix size: 1957
         |          solving the eigenvalue problem ...
         |             using initial guess for the dominant eigenvalue
         |             number of iterations: 2
         |          post processing ...
         |          solve elapsed time: 1.42812 s
         |       Results:
         |          -------------------------------------------------------------------------------------------------------------------------
         |           mode     frequency           er,eff       alpha,dB/m  beta/1000,rad/m          beta/ko         Zo(real)         Zo(imag)
         |          -------------------------------------------------------------------------------------------------------------------------
         |           1            9e+09       0.46978408    2.2584899e-12        0.1292858       0.68540796        488.57237    9.0629629e-13
         |          -------------------------------------------------------------------------------------------------------------------------
         |       Finished
         |       cummulative elapsed time: 1.46184 s
         | Job Complete
         | Elapsed time: 1.46196 s
      building finite element spaces ...
      Driving S-port 1 ...
         solving E field in 3D volume ...
            using Cholesky preconditioner ...
               Converged: RTOL
         solving H field in 3D volume ...
            using Cholesky preconditioner ...
               Converged: RTOL
         post-processing ...
         calculating mesh errors ...
            INFO: Calculated mesh errors are approximate with the final error of 0.00118746 > the target of 0.001.
      Driving S-port 2 ...
         solving E field in 3D volume ...
            using Cholesky preconditioner ...
               Converged: RTOL
         solving H field in 3D volume ...
            using Cholesky preconditioner ...
               Converged: RTOL
         post-processing ...
         calculating mesh errors ...
            INFO: Calculated mesh errors are approximate with the final error of 0.00117725 > the target of 0.001.
         refining mesh ...
            INFO: Skipping Touchstone file output for non-renormalized data.
   Iteration 11 ...
      mesh worst element aspect ratio: 13.0101 > target: 5
      mesh size: 885
      mesh edge length/wavelength in element: shortest=0.0762756 longest=0.750744
      solving 2D ports ...
         Port "input" ...
         | OpenParEM2D Copyright (C) 2022 Brian Young
         | 
         | This program comes with ABSOLUTELY NO WARRANTY.  This is free software,
         | and you are welcome to distribute it under certain conditions. To see
         | the full license, set
         |   output.show.license true
         | in the setup file.
         | 
         | Setting up ...
         |    loading project file "Sinput.proj"
         |    loading materials file "../../../../../../OpenParEM2D/regression/global_materials.txt"
         |    loading mode definition file "Sinput_lines.txt"
         | Loading mesh and assigning materials ...
         |    loading MFEM mesh format
         | Frequency: 9e+09
         |    Using existing mesh ...
         |       mesh size: 18
         |       mesh worst element aspect ratio: 3.89711 < target: 5
         |       Solving ...
         |          matrix size: 1865
         |          solving the eigenvalue problem ...
         |             using initial guess for the dominant eigenvalue
         |             number of iterations: 2
         |          post processing ...
         |          solve elapsed time: 1.41522 s
         |       Results:
         |          -------------------------------------------------------------------------------------------------------------------------
         |           mode     frequency           er,eff       alpha,dB/m  beta/1000,rad/m          beta/ko         Zo(real)         Zo(imag)
         |          -------------------------------------------------------------------------------------------------------------------------
         |           1            9e+09       0.46978408   -9.4482762e-13        0.1292858       0.68540796        488.57237   -3.7570041e-13
         |          -------------------------------------------------------------------------------------------------------------------------
         |       Finished
         |       cummulative elapsed time: 1.45057 s
         | Job Complete
         | Elapsed time: 1.45072 s
         Port "output" ...
         | OpenParEM2D Copyright (C) 2022 Brian Young
         | 
         | This program comes with ABSOLUTELY NO WARRANTY.  This is free software,
         | and you are welcome to distribute it under certain conditions. To see
         | the full license, set
         |   output.show.license true
         | in the setup file.
         | 
         | Setting up ...
         |    loading project file "Soutput.proj"
         |    loading materials file "../../../../../../OpenParEM2D/regression/global_materials.txt"
         |    loading mode definition file "Soutput_lines.txt"
         | Loading mesh and assigning materials ...
         |    loading MFEM mesh format
         | Frequency: 9e+09
         |    Using existing mesh ...
         |       mesh size: 19
         |       mesh worst element aspect ratio: 3.89711 < target: 5
         |       Solving ...
         |          matrix size: 1957
         |          solving the eigenvalue problem ...
         |             using initial guess for the dominant eigenvalue
         |             number of iterations: 2
         |          post processing ...
         |          solve elapsed time: 1.44156 s
         |       Results:
         |          -------------------------------------------------------------------------------------------------------------------------
         |           mode     frequency           er,eff       alpha,dB/m  beta/1000,rad/m          beta/ko         Zo(real)         Zo(imag)
         |          -------------------------------------------------------------------------------------------------------------------------
         |           1            9e+09       0.46978408     7.373116e-14        0.1292858       0.68540796        488.57237    6.1719762e-14
         |          -------------------------------------------------------------------------------------------------------------------------
         |       Finished
         |       cummulative elapsed time: 1.47357 s
         | Job Complete
         | Elapsed time: 1.47369 s
      building finite element spaces ...
      Driving S-port 1 ...
         solving E field in 3D volume ...
            using Cholesky preconditioner ...
               Converged: RTOL
         solving H field in 3D volume ...
            using Cholesky preconditioner ...
               Converged: RTOL
         post-processing ...
         calculating mesh errors ...
            INFO: Calculated mesh errors are approximate with the final error of 0.00122405 > the target of 0.001.
      Driving S-port 2 ...
         solving E field in 3D volume ...
            using Cholesky preconditioner ...
               Converged: RTOL
         solving H field in 3D volume ...
            using Cholesky preconditioner ...
               Converged: RTOL
         post-processing ...
         calculating mesh errors ...
            INFO: Calculated mesh errors are approximate with the final error of 0.00123594 > the target of 0.001.
         refining mesh ...
            INFO: Skipping Touchstone file output for non-renormalized data.
   Iteration 12 ...
      mesh worst element aspect ratio: 13.0101 > target: 5
      mesh size: 1204
      mesh edge length/wavelength in element: shortest=0.0762756 longest=0.750744
      solving 2D ports ...
         Port "input" ...
         | OpenParEM2D Copyright (C) 2022 Brian Young
         | 
         | This program comes with ABSOLUTELY NO WARRANTY.  This is free software,
         | and you are welcome to distribute it under certain conditions. To see
         | the full license, set
         |   output.show.license true
         | in the setup file.
         | 
         | Setting up ...
         |    loading project file "Sinput.proj"
         |    loading materials file "../../../../../../OpenParEM2D/regression/global_materials.txt"
         |    loading mode definition file "Sinput_lines.txt"
         | Loading mesh and assigning materials ...
         |    loading MFEM mesh format
         | Frequency: 9e+09
         |    Using existing mesh ...
         |       mesh size: 20
         |       mesh worst element aspect ratio: 3.89711 < target: 5
         |       Solving ...
         |          matrix size: 2065
         |          solving the eigenvalue problem ...
         |             using initial guess for the dominant eigenvalue
         |             number of iterations: 2
         |          post processing ...
         |          solve elapsed time: 1.46979 s
         |       Results:
         |          -------------------------------------------------------------------------------------------------------------------------
         |           mode     frequency           er,eff       alpha,dB/m  beta/1000,rad/m          beta/ko         Zo(real)         Zo(imag)
         |          -------------------------------------------------------------------------------------------------------------------------
         |           1            9e+09       0.46978408    3.2600508e-12        0.1292858       0.68540796        488.57237    1.4221111e-12
         |          -------------------------------------------------------------------------------------------------------------------------
         |       Finished
         |       cummulative elapsed time: 1.50642 s
         | Job Complete
         | Elapsed time: 1.50661 s
         Port "output" ...
         | OpenParEM2D Copyright (C) 2022 Brian Young
         | 
         | This program comes with ABSOLUTELY NO WARRANTY.  This is free software,
         | and you are welcome to distribute it under certain conditions. To see
         | the full license, set
         |   output.show.license true
         | in the setup file.
         | 
         | Setting up ...
         |    loading project file "Soutput.proj"
         |    loading materials file "../../../../../../OpenParEM2D/regression/global_materials.txt"
         |    loading mode definition file "Soutput_lines.txt"
         | Loading mesh and assigning materials ...
         |    loading MFEM mesh format
         | Frequency: 9e+09
         |    Using existing mesh ...
         |       mesh size: 19
         |       mesh worst element aspect ratio: 3.89711 < target: 5
         |       Solving ...
         |          matrix size: 1957
         |          solving the eigenvalue problem ...
         |             using initial guess for the dominant eigenvalue
         |             number of iterations: 2
         |          post processing ...
         |          solve elapsed time: 1.43621 s
         |       Results:
         |          -------------------------------------------------------------------------------------------------------------------------
         |           mode     frequency           er,eff       alpha,dB/m  beta/1000,rad/m          beta/ko         Zo(real)         Zo(imag)
         |          -------------------------------------------------------------------------------------------------------------------------
         |           1            9e+09       0.46978408     6.655493e-14        0.1292858       0.68540796        488.57237    3.7547647e-14
         |          -------------------------------------------------------------------------------------------------------------------------
         |       Finished
         |       cummulative elapsed time: 1.47188 s
         | Job Complete
         | Elapsed time: 1.47202 s
      building finite element spaces ...
      Driving S-port 1 ...
         solving E field in 3D volume ...
            using Cholesky preconditioner ...
               Converged: RTOL
         solving H field in 3D volume ...
            using Cholesky preconditioner ...
               Converged: RTOL
         post-processing ...
         calculating mesh errors ...
            INFO: Calculated mesh errors are approximate with the final error of 0.0012542 > the target of 0.001.
      Driving S-port 2 ...
         solving E field in 3D volume ...
            using Cholesky preconditioner ...
               Converged: RTOL
         solving H field in 3D volume ...
            using Cholesky preconditioner ...
               Converged: RTOL
         post-processing ...
         calculating mesh errors ...
            INFO: Calculated mesh errors are approximate with the final error of 0.0012662 > the target of 0.001.
         refining mesh ...
            INFO: Skipping Touchstone file output for non-renormalized data.
   Iteration 13 ...
      mesh worst element aspect ratio: 13.0101 > target: 5
      mesh size: 1473
      mesh edge length/wavelength in element: shortest=0.0762756 longest=0.750744
      solving 2D ports ...
         Port "input" ...
         | OpenParEM2D Copyright (C) 2022 Brian Young
         | 
         | This program comes with ABSOLUTELY NO WARRANTY.  This is free software,
         | and you are welcome to distribute it under certain conditions. To see
         | the full license, set
         |   output.show.license true
         | in the setup file.
         | 
         | Setting up ...
         |    loading project file "Sinput.proj"
         |    loading materials file "../../../../../../OpenParEM2D/regression/global_materials.txt"
         |    loading mode definition file "Sinput_lines.txt"
         | Loading mesh and assigning materials ...
         |    loading MFEM mesh format
         | Frequency: 9e+09
         |    Using existing mesh ...
         |       mesh size: 20
         |       mesh worst element aspect ratio: 3.89711 < target: 5
         |       Solving ...
         |          matrix size: 2065
         |          solving the eigenvalue problem ...
         |             using initial guess for the dominant eigenvalue
         |             number of iterations: 2
         |          post processing ...
         |          solve elapsed time: 1.46167 s
         |       Results:
         |          -------------------------------------------------------------------------------------------------------------------------
         |           mode     frequency           er,eff       alpha,dB/m  beta/1000,rad/m          beta/ko         Zo(real)         Zo(imag)
         |          -------------------------------------------------------------------------------------------------------------------------
         |           1            9e+09       0.46978408   -1.2489642e-12        0.1292858       0.68540796        488.57237   -5.6821761e-13
         |          -------------------------------------------------------------------------------------------------------------------------
         |       Finished
         |       cummulative elapsed time: 1.49808 s
         | Job Complete
         | Elapsed time: 1.49825 s
         Port "output" ...
         | OpenParEM2D Copyright (C) 2022 Brian Young
         | 
         | This program comes with ABSOLUTELY NO WARRANTY.  This is free software,
         | and you are welcome to distribute it under certain conditions. To see
         | the full license, set
         |   output.show.license true
         | in the setup file.
         | 
         | Setting up ...
         |    loading project file "Soutput.proj"
         |    loading materials file "../../../../../../OpenParEM2D/regression/global_materials.txt"
         |    loading mode definition file "Soutput_lines.txt"
         | Loading mesh and assigning materials ...
         |    loading MFEM mesh format
         | Frequency: 9e+09
         |    Using existing mesh ...
         |       mesh size: 20
         |       mesh worst element aspect ratio: 3.89711 < target: 5
         |       Solving ...
         |          matrix size: 2065
         |          solving the eigenvalue problem ...
         |             using initial guess for the dominant eigenvalue
         |             number of iterations: 2
         |          post processing ...
         |          solve elapsed time: 1.47485 s
         |       Results:
         |          -------------------------------------------------------------------------------------------------------------------------
         |           mode     frequency           er,eff       alpha,dB/m  beta/1000,rad/m          beta/ko         Zo(real)         Zo(imag)
         |          -------------------------------------------------------------------------------------------------------------------------
         |           1            9e+09       0.46978408    3.2808125e-12        0.1292858       0.68540796        488.57237    1.3006383e-12
         |          -------------------------------------------------------------------------------------------------------------------------
         |       Finished
         |       cummulative elapsed time: 1.5117 s
         | Job Complete
         | Elapsed time: 1.51187 s
      building finite element spaces ...
      Driving S-port 1 ...
         solving E field in 3D volume ...
            using Cholesky preconditioner ...
               Converged: RTOL
         solving H field in 3D volume ...
            using Cholesky preconditioner ...
               Converged: RTOL
         post-processing ...
         calculating mesh errors ...
            INFO: Calculated mesh errors are approximate with the final error of 0.00129237 > the target of 0.001.
      Driving S-port 2 ...
         solving E field in 3D volume ...
            using Cholesky preconditioner ...
               Converged: RTOL
         solving H field in 3D volume ...
            using Cholesky preconditioner ...
               Converged: RTOL
         post-processing ...
         calculating mesh errors ...
            INFO: Calculated mesh errors are approximate with the final error of 0.00129248 > the target of 0.001.
         refining mesh ...
            INFO: Skipping Touchstone file output for non-renormalized data.
   Iteration 14 ...
      mesh worst element aspect ratio: 13.0101 > target: 5
      mesh size: 1972
      mesh edge length/wavelength in element: shortest=0.0762756 longest=0.750744
      solving 2D ports ...
         Port "input" ...
         | OpenParEM2D Copyright (C) 2022 Brian Young
         | 
         | This program comes with ABSOLUTELY NO WARRANTY.  This is free software,
         | and you are welcome to distribute it under certain conditions. To see
         | the full license, set
         |   output.show.license true
         | in the setup file.
         | 
         | Setting up ...
         |    loading project file "Sinput.proj"
         |    loading materials file "../../../../../../OpenParEM2D/regression/global_materials.txt"
         |    loading mode definition file "Sinput_lines.txt"
         | Loading mesh and assigning materials ...
         |    loading MFEM mesh format
         | Frequency: 9e+09
         |    Using existing mesh ...
         |       mesh size: 37
         |       mesh worst element aspect ratio: 3.89711 < target: 5
         |       Solving ...
         |          matrix size: 3789
         |          solving the eigenvalue problem ...
         |             using initial guess for the dominant eigenvalue
         |             number of iterations: 2
         |          post processing ...
         |          solve elapsed time: 2.83376 s
         |       Results:
         |          -------------------------------------------------------------------------------------------------------------------------
         |           mode     frequency           er,eff       alpha,dB/m  beta/1000,rad/m          beta/ko         Zo(real)         Zo(imag)
         |          -------------------------------------------------------------------------------------------------------------------------
         |           1            9e+09       0.46978408    2.2191891e-13        0.1292858       0.68540796        488.57237   -2.4229342e-14
         |          -------------------------------------------------------------------------------------------------------------------------
         |       Finished
         |       cummulative elapsed time: 2.89459 s
         | Job Complete
         | Elapsed time: 2.89478 s
         Port "output" ...
         | OpenParEM2D Copyright (C) 2022 Brian Young
         | 
         | This program comes with ABSOLUTELY NO WARRANTY.  This is free software,
         | and you are welcome to distribute it under certain conditions. To see
         | the full license, set
         |   output.show.license true
         | in the setup file.
         | 
         | Setting up ...
         |    loading project file "Soutput.proj"
         |    loading materials file "../../../../../../OpenParEM2D/regression/global_materials.txt"
         |    loading mode definition file "Soutput_lines.txt"
         | Loading mesh and assigning materials ...
         |    loading MFEM mesh format
         | Frequency: 9e+09
         |    Using existing mesh ...
         |       mesh size: 29
         |       mesh worst element aspect ratio: 3.89711 < target: 5
         |       Solving ...
         |          matrix size: 2973
         |          solving the eigenvalue problem ...
         |             using initial guess for the dominant eigenvalue
         |             number of iterations: 2
         |          post processing ...
         |          solve elapsed time: 2.2074 s
         |       Results:
         |          -------------------------------------------------------------------------------------------------------------------------
         |           mode     frequency           er,eff       alpha,dB/m  beta/1000,rad/m          beta/ko         Zo(real)         Zo(imag)
         |          -------------------------------------------------------------------------------------------------------------------------
         |           1            9e+09       0.46978408   -1.2785951e-13        0.1292858       0.68540796        488.57237    -7.285195e-14
         |          -------------------------------------------------------------------------------------------------------------------------
         |       Finished
         |       cummulative elapsed time: 2.25326 s
         | Job Complete
         | Elapsed time: 2.25339 s
      building finite element spaces ...
      Driving S-port 1 ...
         solving E field in 3D volume ...
            using Cholesky preconditioner ...
               Converged: RTOL
         solving H field in 3D volume ...
            using Cholesky preconditioner ...
               Converged: RTOL
         post-processing ...
         calculating mesh errors ...
            INFO: Calculated mesh errors are approximate with the final error of 0.00133355 > the target of 0.001.
      Driving S-port 2 ...
         solving E field in 3D volume ...
            using Cholesky preconditioner ...
               Converged: RTOL
         solving H field in 3D volume ...
            using Cholesky preconditioner ...
               Converged: RTOL
         post-processing ...
         calculating mesh errors ...
            INFO: Calculated mesh errors are approximate with the final error of 0.00134321 > the target of 0.001.
         refining mesh ...
            INFO: Skipping Touchstone file output for non-renormalized data.
   Iteration 15 ...
      mesh worst element aspect ratio: 13.0101 > target: 5
      mesh size: 2411
      mesh edge length/wavelength in element: shortest=0.0762756 longest=0.412744
      solving 2D ports ...
         Port "input" ...
         | OpenParEM2D Copyright (C) 2022 Brian Young
         | 
         | This program comes with ABSOLUTELY NO WARRANTY.  This is free software,
         | and you are welcome to distribute it under certain conditions. To see
         | the full license, set
         |   output.show.license true
         | in the setup file.
         | 
         | Setting up ...
         |    loading project file "Sinput.proj"
         |    loading materials file "../../../../../../OpenParEM2D/regression/global_materials.txt"
         |    loading mode definition file "Sinput_lines.txt"
         | Loading mesh and assigning materials ...
         |    loading MFEM mesh format
         | Frequency: 9e+09
         |    Using existing mesh ...
         |       mesh size: 37
         |       mesh worst element aspect ratio: 3.89711 < target: 5
         |       Solving ...
         |          matrix size: 3789
         |          solving the eigenvalue problem ...
         |             using initial guess for the dominant eigenvalue
         |             number of iterations: 2
         |          post processing ...
         |          solve elapsed time: 3.06141 s
         |       Results:
         |          -------------------------------------------------------------------------------------------------------------------------
         |           mode     frequency           er,eff       alpha,dB/m  beta/1000,rad/m          beta/ko         Zo(real)         Zo(imag)
         |          -------------------------------------------------------------------------------------------------------------------------
         |           1            9e+09       0.46978408    4.2041624e-12        0.1292858       0.68540796        488.57237    1.7546398e-12
         |          -------------------------------------------------------------------------------------------------------------------------
         |       Finished
         |       cummulative elapsed time: 3.13184 s
         | Job Complete
         | Elapsed time: 3.13196 s
         Port "output" ...
         | OpenParEM2D Copyright (C) 2022 Brian Young
         | 
         | This program comes with ABSOLUTELY NO WARRANTY.  This is free software,
         | and you are welcome to distribute it under certain conditions. To see
         | the full license, set
         |   output.show.license true
         | in the setup file.
         | 
         | Setting up ...
         |    loading project file "Soutput.proj"
         |    loading materials file "../../../../../../OpenParEM2D/regression/global_materials.txt"
         |    loading mode definition file "Soutput_lines.txt"
         | Loading mesh and assigning materials ...
         |    loading MFEM mesh format
         | Frequency: 9e+09
         |    Using existing mesh ...
         |       mesh size: 31
         |       mesh worst element aspect ratio: 3.89711 < target: 5
         |       Solving ...
         |          matrix size: 3173
         |          solving the eigenvalue problem ...
         |             using initial guess for the dominant eigenvalue
         |             number of iterations: 2
         |          post processing ...
         |          solve elapsed time: 2.31339 s
         |       Results:
         |          -------------------------------------------------------------------------------------------------------------------------
         |           mode     frequency           er,eff       alpha,dB/m  beta/1000,rad/m          beta/ko         Zo(real)         Zo(imag)
         |          -------------------------------------------------------------------------------------------------------------------------
         |           1            9e+09       0.46978408    1.6496758e-13        0.1292858       0.68540796        488.57237    5.9462854e-14
         |          -------------------------------------------------------------------------------------------------------------------------
         |       Finished
         |       cummulative elapsed time: 2.36202 s
         | Job Complete
         | Elapsed time: 2.36214 s
      building finite element spaces ...
      Driving S-port 1 ...
         solving E field in 3D volume ...
            using Cholesky preconditioner ...
               Converged: RTOL
         solving H field in 3D volume ...
            using Cholesky preconditioner ...
               Converged: RTOL
         post-processing ...
         calculating mesh errors ...
            INFO: Calculated mesh errors are approximate with the final error of 0.00134336 > the target of 0.001.
      Driving S-port 2 ...
         solving E field in 3D volume ...
            using Cholesky preconditioner ...
               Converged: RTOL
         solving H field in 3D volume ...
            using Cholesky preconditioner ...
               Converged: RTOL
         post-processing ...
         calculating mesh errors ...
            INFO: Calculated mesh errors are approximate with the final error of 0.00134942 > the target of 0.001.
         refining mesh ...
            INFO: Skipping Touchstone file output for non-renormalized data.
   Iteration 16 ...
      mesh worst element aspect ratio: 13.0101 > target: 5
      mesh size: 3355
      mesh edge length/wavelength in element: shortest=0.0381378 longest=0.412744
      solving 2D ports ...
         Port "input" ...
         | OpenParEM2D Copyright (C) 2022 Brian Young
         | 
         | This program comes with ABSOLUTELY NO WARRANTY.  This is free software,
         | and you are welcome to distribute it under certain conditions. To see
         | the full license, set
         |   output.show.license true
         | in the setup file.
         | 
         | Setting up ...
         |    loading project file "Sinput.proj"
         |    loading materials file "../../../../../../OpenParEM2D/regression/global_materials.txt"
         |    loading mode definition file "Sinput_lines.txt"
         | Loading mesh and assigning materials ...
         |    loading MFEM mesh format
         | Frequency: 9e+09
         |    Using existing mesh ...
         |       mesh size: 45
         |       mesh worst element aspect ratio: 3.89711 < target: 5
         |       Solving ...
         |          matrix size: 4589
         |          solving the eigenvalue problem ...
         |             using initial guess for the dominant eigenvalue
         |             number of iterations: 2
         |          post processing ...
         |          solve elapsed time: 3.0706 s
         |       Results:
         |          -------------------------------------------------------------------------------------------------------------------------
         |           mode     frequency           er,eff       alpha,dB/m  beta/1000,rad/m          beta/ko         Zo(real)         Zo(imag)
         |          -------------------------------------------------------------------------------------------------------------------------
         |           1            9e+09       0.46978408   -1.2498669e-12        0.1292858       0.68540796        488.57237   -5.9442115e-13
         |          -------------------------------------------------------------------------------------------------------------------------
         |       Finished
         |       cummulative elapsed time: 3.13577 s
         | Job Complete
         | Elapsed time: 3.13589 s
         Port "output" ...
         | OpenParEM2D Copyright (C) 2022 Brian Young
         | 
         | This program comes with ABSOLUTELY NO WARRANTY.  This is free software,
         | and you are welcome to distribute it under certain conditions. To see
         | the full license, set
         |   output.show.license true
         | in the setup file.
         | 
         | Setting up ...
         |    loading project file "Soutput.proj"
         |    loading materials file "../../../../../../OpenParEM2D/regression/global_materials.txt"
         |    loading mode definition file "Soutput_lines.txt"
         | Loading mesh and assigning materials ...
         |    loading MFEM mesh format
         | Frequency: 9e+09
         |    Using existing mesh ...
         |       mesh size: 55
         |       mesh worst element aspect ratio: 3.89711 < target: 5
         |       Solving ...
         |          matrix size: 5605
         |          solving the eigenvalue problem ...
         |             using initial guess for the dominant eigenvalue
         |             number of iterations: 2
         |          post processing ...
         |          solve elapsed time: 3.67582 s
         |       Results:
         |          -------------------------------------------------------------------------------------------------------------------------
         |           mode     frequency           er,eff       alpha,dB/m  beta/1000,rad/m          beta/ko         Zo(real)         Zo(imag)
         |          -------------------------------------------------------------------------------------------------------------------------
         |           1            9e+09       0.46978408    4.6491725e-12        0.1292858       0.68540796        488.57237    2.0522179e-12
         |          -------------------------------------------------------------------------------------------------------------------------
         |       Finished
         |       cummulative elapsed time: 3.75524 s
         | Job Complete
         | Elapsed time: 3.75536 s
      building finite element spaces ...
      Driving S-port 1 ...
         solving E field in 3D volume ...
            using Cholesky preconditioner ...
               Converged: RTOL
         solving H field in 3D volume ...
            using Cholesky preconditioner ...
               Converged: RTOL
         post-processing ...
         calculating mesh errors ...
            INFO: Calculated mesh errors are approximate with the final error of 0.00133242 > the target of 0.001.
      Driving S-port 2 ...
         solving E field in 3D volume ...
            using Cholesky preconditioner ...
               Converged: RTOL
         solving H field in 3D volume ...
            using Cholesky preconditioner ...
               Converged: RTOL
         post-processing ...
         calculating mesh errors ...
            INFO: Calculated mesh errors are approximate with the final error of 0.00133135 > the target of 0.001.
         refining mesh ...
            INFO: Skipping Touchstone file output for non-renormalized data.
   Iteration 17 ...
      mesh worst element aspect ratio: 13.0101 > target: 5
      mesh size: 4382
      mesh edge length/wavelength in element: shortest=0.0381378 longest=0.412744
      solving 2D ports ...
         Port "input" ...
         | OpenParEM2D Copyright (C) 2022 Brian Young
         | 
         | This program comes with ABSOLUTELY NO WARRANTY.  This is free software,
         | and you are welcome to distribute it under certain conditions. To see
         | the full license, set
         |   output.show.license true
         | in the setup file.
         | 
         | Setting up ...
         |    loading project file "Sinput.proj"
         |    loading materials file "../../../../../../OpenParEM2D/regression/global_materials.txt"
         |    loading mode definition file "Sinput_lines.txt"
         | Loading mesh and assigning materials ...
         |    loading MFEM mesh format
         | Frequency: 9e+09
         |    Using existing mesh ...
         |       mesh size: 58
         |       mesh worst element aspect ratio: 3.89711 < target: 5
         |       Solving ...
         |          matrix size: 5897
         |          solving the eigenvalue problem ...
         |             using initial guess for the dominant eigenvalue
         |             number of iterations: 2
         |          post processing ...
         |          solve elapsed time: 3.74795 s
         |       Results:
         |          -------------------------------------------------------------------------------------------------------------------------
         |           mode     frequency           er,eff       alpha,dB/m  beta/1000,rad/m          beta/ko         Zo(real)         Zo(imag)
         |          -------------------------------------------------------------------------------------------------------------------------
         |           1            9e+09       0.46978408    9.4824949e-13        0.1292858       0.68540796        488.57237    4.0732855e-13
         |          -------------------------------------------------------------------------------------------------------------------------
         |       Finished
         |       cummulative elapsed time: 3.82958 s
         | Job Complete
         | Elapsed time: 3.82971 s
         Port "output" ...
         | OpenParEM2D Copyright (C) 2022 Brian Young
         | 
         | This program comes with ABSOLUTELY NO WARRANTY.  This is free software,
         | and you are welcome to distribute it under certain conditions. To see
         | the full license, set
         |   output.show.license true
         | in the setup file.
         | 
         | Setting up ...
         |    loading project file "Soutput.proj"
         |    loading materials file "../../../../../../OpenParEM2D/regression/global_materials.txt"
         |    loading mode definition file "Soutput_lines.txt"
         | Loading mesh and assigning materials ...
         |    loading MFEM mesh format
         | Frequency: 9e+09
         |    Using existing mesh ...
         |       mesh size: 63
         |       mesh worst element aspect ratio: 3.89711 < target: 5
         |       Solving ...
         |          matrix size: 6405
         |          solving the eigenvalue problem ...
         |             using initial guess for the dominant eigenvalue
         |             number of iterations: 2
         |          post processing ...
         |          solve elapsed time: 4.14315 s
         |       Results:
         |          -------------------------------------------------------------------------------------------------------------------------
         |           mode     frequency           er,eff       alpha,dB/m  beta/1000,rad/m          beta/ko         Zo(real)         Zo(imag)
         |          -------------------------------------------------------------------------------------------------------------------------
         |           1            9e+09       0.46978408   -1.5341362e-12        0.1292858       0.68540796        488.57237   -6.3937718e-13
         |          -------------------------------------------------------------------------------------------------------------------------
         |       Finished
         |       cummulative elapsed time: 4.23532 s
         | Job Complete
         | Elapsed time: 4.23545 s
      building finite element spaces ...
      Driving S-port 1 ...
         solving E field in 3D volume ...
            using Cholesky preconditioner ...
               Converged: RTOL
         solving H field in 3D volume ...
            using Cholesky preconditioner ...
               Converged: RTOL
         post-processing ...
         calculating mesh errors ...
            INFO: Calculated mesh errors are approximate with the final error of 0.00135009 > the target of 0.001.
      Driving S-port 2 ...
         solving E field in 3D volume ...
            using Cholesky preconditioner ...
               Converged: RTOL
         solving H field in 3D volume ...
            using Cholesky preconditioner ...
               Converged: RTOL
         post-processing ...
         calculating mesh errors ...
            INFO: Calculated mesh errors are approximate with the final error of 0.00135989 > the target of 0.001.
         refining mesh ...
            INFO: Skipping Touchstone file output for non-renormalized data.
   Iteration 18 ...
      mesh worst element aspect ratio: 13.0101 > target: 5
      mesh size: 5487
      mesh edge length/wavelength in element: shortest=0.0381378 longest=0.383043
      solving 2D ports ...
         Port "input" ...
         | OpenParEM2D Copyright (C) 2022 Brian Young
         | 
         | This program comes with ABSOLUTELY NO WARRANTY.  This is free software,
         | and you are welcome to distribute it under certain conditions. To see
         | the full license, set
         |   output.show.license true
         | in the setup file.
         | 
         | Setting up ...
         |    loading project file "Sinput.proj"
         |    loading materials file "../../../../../../OpenParEM2D/regression/global_materials.txt"
         |    loading mode definition file "Sinput_lines.txt"
         | Loading mesh and assigning materials ...
         |    loading MFEM mesh format
         | Frequency: 9e+09
         |    Using existing mesh ...
         |       mesh size: 66
         |       mesh worst element aspect ratio: 3.89711 < target: 5
         |       Solving ...
         |          matrix size: 6713
         |          solving the eigenvalue problem ...
         |             using initial guess for the dominant eigenvalue
         |             number of iterations: 2
         |          post processing ...
         |          solve elapsed time: 4.09987 s
         |       Results:
         |          -------------------------------------------------------------------------------------------------------------------------
         |           mode     frequency           er,eff       alpha,dB/m  beta/1000,rad/m          beta/ko         Zo(real)         Zo(imag)
         |          -------------------------------------------------------------------------------------------------------------------------
         |           1            9e+09       0.46978408   -7.8413371e-14        0.1292858       0.68540796        488.57237   -3.6183996e-14
         |          -------------------------------------------------------------------------------------------------------------------------
         |       Finished
         |       cummulative elapsed time: 4.18894 s
         | Job Complete
         | Elapsed time: 4.18906 s
         Port "output" ...
         | OpenParEM2D Copyright (C) 2022 Brian Young
         | 
         | This program comes with ABSOLUTELY NO WARRANTY.  This is free software,
         | and you are welcome to distribute it under certain conditions. To see
         | the full license, set
         |   output.show.license true
         | in the setup file.
         | 
         | Setting up ...
         |    loading project file "Soutput.proj"
         |    loading materials file "../../../../../../OpenParEM2D/regression/global_materials.txt"
         |    loading mode definition file "Soutput_lines.txt"
         | Loading mesh and assigning materials ...
         |    loading MFEM mesh format
         | Frequency: 9e+09
         |    Using existing mesh ...
         |       mesh size: 63
         |       mesh worst element aspect ratio: 3.89711 < target: 5
         |       Solving ...
         |          matrix size: 6405
         |          solving the eigenvalue problem ...
         |             using initial guess for the dominant eigenvalue
         |             number of iterations: 2
         |          post processing ...
         |          solve elapsed time: 4.12388 s
         |       Results:
         |          -------------------------------------------------------------------------------------------------------------------------
         |           mode     frequency           er,eff       alpha,dB/m  beta/1000,rad/m          beta/ko         Zo(real)         Zo(imag)
         |          -------------------------------------------------------------------------------------------------------------------------
         |           1            9e+09       0.46978408    8.4330495e-13        0.1292858       0.68540796        488.57237     3.441741e-13
         |          -------------------------------------------------------------------------------------------------------------------------
         |       Finished
         |       cummulative elapsed time: 4.21129 s
         | Job Complete
         | Elapsed time: 4.21143 s
      building finite element spaces ...
      Driving S-port 1 ...
         solving E field in 3D volume ...
--------------------------------------------------------------------------
Primary job  terminated normally, but 1 process returned
a non-zero exit code. Per user-direction, the job has been aborted.
--------------------------------------------------------------------------
--------------------------------------------------------------------------
mpirun noticed that process rank 5 with PID 0 on node Precision-T7920 exited on signal 9 (Killed).
--------------------------------------------------------------------------
