Invalid MIT-MAGIC-COOKIE-1 keyOpenParEM3D Copyright (C) 2022 Brian Young

This program comes with ABSOLUTELY NO WARRANTY.  This is free software,
and you are welcome to distribute it under certain conditions. To see
the full license, set
  output.show.license true
in the setup file.

Setting up ...
   loading project file "straight_order_9.proj"
      Warning: Value at line 9 is large.
   loading materials file "../../../../OpenParEM2D/regression/global_materials.txt"
Loading mesh and assigning materials ...
   loading gmsh mesh format
   loading port definition file "straight_ports.txt"
*******************************************************************************************************************************************************
 Frequency: 9e+09
*******************************************************************************************************************************************************
Mesh::GeneratePartitioning(...): METIS returned 2 empty parts! Applying a simple fix ...
   Refining mesh starting with the initial mesh.
   Iteration 1 ...
      mesh worst element aspect ratio: 6.11284 > target: 5
      mesh size: 30
      mesh edge length/wavelength in element: shortest=0.305102 longest=1.53217
      solving 2D ports ...
         Port "input" ...
         | OpenParEM2D Copyright (C) 2022 Brian Young
         | 
         | This program comes with ABSOLUTELY NO WARRANTY.  This is free software,
         | and you are welcome to distribute it under certain conditions. To see
         | the full license, set
         |   output.show.license true
         | in the setup file.
         | 
         | Setting up ...
         |    loading project file "Sinput.proj"
         |    loading materials file "../../../../../../OpenParEM2D/regression/global_materials.txt"
         |    loading mode definition file "Sinput_lines.txt"
         | Loading mesh and assigning materials ...
         |    loading MFEM mesh format
         | Frequency: 9e+09
         |    Using existing mesh ...
         |       mesh size: 4
         |       mesh worst element aspect ratio: 3.89711 < target: 5
         |       Solving ...
         |          matrix size: 541
         |          solving the eigenvalue problem ...
         |             number of iterations: 55
         |          post processing ...
         |          solve elapsed time: 0.903979 s
         |       Results:
         |          -------------------------------------------------------------------------------------------------------------------------
         |           mode     frequency           er,eff       alpha,dB/m  beta/1000,rad/m          beta/ko         Zo(real)         Zo(imag)
         |          -------------------------------------------------------------------------------------------------------------------------
         |           1            9e+09       0.46978408    1.1626547e-10        0.1292858       0.68540796        488.57235    4.4574798e-11
         |          -------------------------------------------------------------------------------------------------------------------------
         |       Finished
         |       cummulative elapsed time: 0.922613 s
         | Job Complete
         | Elapsed time: 0.922764 s
         Port "output" ...
         | OpenParEM2D Copyright (C) 2022 Brian Young
         | 
         | This program comes with ABSOLUTELY NO WARRANTY.  This is free software,
         | and you are welcome to distribute it under certain conditions. To see
         | the full license, set
         |   output.show.license true
         | in the setup file.
         | 
         | Setting up ...
         |    loading project file "Soutput.proj"
         |    loading materials file "../../../../../../OpenParEM2D/regression/global_materials.txt"
         |    loading mode definition file "Soutput_lines.txt"
         | Loading mesh and assigning materials ...
         |    loading MFEM mesh format
         | Frequency: 9e+09
         |    Using existing mesh ...
         |       mesh size: 4
         |       mesh worst element aspect ratio: 3.89711 < target: 5
         |       Solving ...
         |          matrix size: 541
         |          solving the eigenvalue problem ...
         |             number of iterations: 55
         |          post processing ...
         |          solve elapsed time: 0.895137 s
         |       Results:
         |          -------------------------------------------------------------------------------------------------------------------------
         |           mode     frequency           er,eff       alpha,dB/m  beta/1000,rad/m          beta/ko         Zo(real)         Zo(imag)
         |          -------------------------------------------------------------------------------------------------------------------------
         |           1            9e+09       0.46978408   -8.3011028e-11        0.1292858       0.68540796        488.57235   -3.7683784e-11
         |          -------------------------------------------------------------------------------------------------------------------------
         |       Finished
         |       cummulative elapsed time: 0.909955 s
         | Job Complete
         | Elapsed time: 0.910084 s
      building finite element spaces ...
      Driving S-port 1 ...
         solving E field in 3D volume ...
            using Cholesky preconditioner ...
               Converged: RTOL
         solving H field in 3D volume ...
            using Cholesky preconditioner ...
               Converged: RTOL
         post-processing ...
         calculating mesh errors ...
            INFO: Calculated mesh errors are approximate with the final error of 0.00299871 > the target of 0.001.
      Driving S-port 2 ...
         solving E field in 3D volume ...
            using Cholesky preconditioner ...
               Converged: RTOL
         solving H field in 3D volume ...
            using Cholesky preconditioner ...
               Converged: RTOL
         post-processing ...
         calculating mesh errors ...
            INFO: Calculated mesh errors are approximate with the final error of 0.00317503 > the target of 0.001.
         refining mesh ...
             Warning: The mesh size jumped from 30 to 109.
            INFO: Skipping Touchstone file output for non-renormalized data.
   Iteration 2 ...
      mesh worst element aspect ratio: 8.63598 > target: 5
      mesh size: 109
      mesh edge length/wavelength in element: shortest=0.305102 longest=1.50149
      solving 2D ports ...
         Port "input" ...
         | OpenParEM2D Copyright (C) 2022 Brian Young
         | 
         | This program comes with ABSOLUTELY NO WARRANTY.  This is free software,
         | and you are welcome to distribute it under certain conditions. To see
         | the full license, set
         |   output.show.license true
         | in the setup file.
         | 
         | Setting up ...
         |    loading project file "Sinput.proj"
         |    loading materials file "../../../../../../OpenParEM2D/regression/global_materials.txt"
         |    loading mode definition file "Sinput_lines.txt"
         | Loading mesh and assigning materials ...
         |    loading MFEM mesh format
         | Frequency: 9e+09
         |    Using existing mesh ...
         |       mesh size: 4
         |       mesh worst element aspect ratio: 3.89711 < target: 5
         |       Solving ...
         |          matrix size: 541
         |          solving the eigenvalue problem ...
         |             using initial guess for the dominant eigenvalue
         |             number of iterations: 2
         |          post processing ...
         |          solve elapsed time: 0.512949 s
         |       Results:
         |          -------------------------------------------------------------------------------------------------------------------------
         |           mode     frequency           er,eff       alpha,dB/m  beta/1000,rad/m          beta/ko         Zo(real)         Zo(imag)
         |          -------------------------------------------------------------------------------------------------------------------------
         |           1            9e+09       0.46978408   -1.6786051e-11        0.1292858       0.68540796        488.57235   -7.2612616e-12
         |          -------------------------------------------------------------------------------------------------------------------------
         |       Finished
         |       cummulative elapsed time: 0.52778 s
         | Job Complete
         | Elapsed time: 0.527897 s
         Port "output" ...
         | OpenParEM2D Copyright (C) 2022 Brian Young
         | 
         | This program comes with ABSOLUTELY NO WARRANTY.  This is free software,
         | and you are welcome to distribute it under certain conditions. To see
         | the full license, set
         |   output.show.license true
         | in the setup file.
         | 
         | Setting up ...
         |    loading project file "Soutput.proj"
         |    loading materials file "../../../../../../OpenParEM2D/regression/global_materials.txt"
         |    loading mode definition file "Soutput_lines.txt"
         | Loading mesh and assigning materials ...
         |    loading MFEM mesh format
         | Frequency: 9e+09
         |    Using existing mesh ...
         |       mesh size: 4
         |       mesh worst element aspect ratio: 3.89711 < target: 5
         |       Solving ...
         |          matrix size: 541
         |          solving the eigenvalue problem ...
         |             using initial guess for the dominant eigenvalue
         |             number of iterations: 2
         |          post processing ...
         |          solve elapsed time: 0.541622 s
         |       Results:
         |          -------------------------------------------------------------------------------------------------------------------------
         |           mode     frequency           er,eff       alpha,dB/m  beta/1000,rad/m          beta/ko         Zo(real)         Zo(imag)
         |          -------------------------------------------------------------------------------------------------------------------------
         |           1            9e+09       0.46978408   -3.2556403e-12        0.1292858       0.68540796        488.57235   -1.3345136e-12
         |          -------------------------------------------------------------------------------------------------------------------------
         |       Finished
         |       cummulative elapsed time: 0.556449 s
         | Job Complete
         | Elapsed time: 0.55658 s
      building finite element spaces ...
      Driving S-port 1 ...
         solving E field in 3D volume ...
            using Cholesky preconditioner ...
               Converged: RTOL
         solving H field in 3D volume ...
            using Cholesky preconditioner ...
               Converged: RTOL
         post-processing ...
         calculating mesh errors ...
            INFO: Calculated mesh errors are approximate with the final error of 0.00291165 > the target of 0.001.
      Driving S-port 2 ...
         solving E field in 3D volume ...
            using Cholesky preconditioner ...
               Converged: RTOL
         solving H field in 3D volume ...
            using Cholesky preconditioner ...
               Converged: RTOL
         post-processing ...
         calculating mesh errors ...
            INFO: Calculated mesh errors are approximate with the final error of 0.00255629 > the target of 0.001.
         refining mesh ...
            INFO: Skipping Touchstone file output for non-renormalized data.
   Iteration 3 ...
      mesh worst element aspect ratio: 10.2871 > target: 5
      mesh size: 163
      mesh edge length/wavelength in element: shortest=0.152551 longest=0.825488
      solving 2D ports ...
         Port "input" ...
         | OpenParEM2D Copyright (C) 2022 Brian Young
         | 
         | This program comes with ABSOLUTELY NO WARRANTY.  This is free software,
         | and you are welcome to distribute it under certain conditions. To see
         | the full license, set
         |   output.show.license true
         | in the setup file.
         | 
         | Setting up ...
         |    loading project file "Sinput.proj"
         |    loading materials file "../../../../../../OpenParEM2D/regression/global_materials.txt"
         |    loading mode definition file "Sinput_lines.txt"
         | Loading mesh and assigning materials ...
         |    loading MFEM mesh format
         | Frequency: 9e+09
         |    Using existing mesh ...
         |       mesh size: 10
         |       mesh worst element aspect ratio: 3.89711 < target: 5
         |       Solving ...
         |          matrix size: 1315
         |          solving the eigenvalue problem ...
         |             using initial guess for the dominant eigenvalue
         |             number of iterations: 2
         |          post processing ...
         |          solve elapsed time: 1.30408 s
         |       Results:
         |          -------------------------------------------------------------------------------------------------------------------------
         |           mode     frequency           er,eff       alpha,dB/m  beta/1000,rad/m          beta/ko         Zo(real)         Zo(imag)
         |          -------------------------------------------------------------------------------------------------------------------------
         |           1            9e+09       0.46978408   -9.9402029e-12        0.1292858       0.68540796        488.57237   -4.2918233e-12
         |          -------------------------------------------------------------------------------------------------------------------------
         |       Finished
         |       cummulative elapsed time: 1.33279 s
         | Job Complete
         | Elapsed time: 1.33296 s
         Port "output" ...
         | OpenParEM2D Copyright (C) 2022 Brian Young
         | 
         | This program comes with ABSOLUTELY NO WARRANTY.  This is free software,
         | and you are welcome to distribute it under certain conditions. To see
         | the full license, set
         |   output.show.license true
         | in the setup file.
         | 
         | Setting up ...
         |    loading project file "Soutput.proj"
         |    loading materials file "../../../../../../OpenParEM2D/regression/global_materials.txt"
         |    loading mode definition file "Soutput_lines.txt"
         | Loading mesh and assigning materials ...
         |    loading MFEM mesh format
         | Frequency: 9e+09
         |    Using existing mesh ...
         |       mesh size: 4
         |       mesh worst element aspect ratio: 3.89711 < target: 5
         |       Solving ...
         |          matrix size: 541
         |          solving the eigenvalue problem ...
         |             using initial guess for the dominant eigenvalue
         |             number of iterations: 2
         |          post processing ...
         |          solve elapsed time: 0.527886 s
         |       Results:
         |          -------------------------------------------------------------------------------------------------------------------------
         |           mode     frequency           er,eff       alpha,dB/m  beta/1000,rad/m          beta/ko         Zo(real)         Zo(imag)
         |          -------------------------------------------------------------------------------------------------------------------------
         |           1            9e+09       0.46978408    5.4332316e-12        0.1292858       0.68540796        488.57235    2.2259017e-12
         |          -------------------------------------------------------------------------------------------------------------------------
         |       Finished
         |       cummulative elapsed time: 0.542602 s
         | Job Complete
         | Elapsed time: 0.542723 s
      building finite element spaces ...
      Driving S-port 1 ...
         solving E field in 3D volume ...
            using Cholesky preconditioner ...
               Converged: RTOL
         solving H field in 3D volume ...
            using Cholesky preconditioner ...
               Converged: RTOL
         post-processing ...
         calculating mesh errors ...
            INFO: Calculated mesh errors are approximate with the final error of 0.00245391 > the target of 0.001.
      Driving S-port 2 ...
         solving E field in 3D volume ...
            using Cholesky preconditioner ...
               Converged: RTOL
         solving H field in 3D volume ...
            using Cholesky preconditioner ...
               Converged: RTOL
         post-processing ...
         calculating mesh errors ...
            INFO: Calculated mesh errors are approximate with the final error of 0.00244408 > the target of 0.001.
         refining mesh ...
            INFO: Skipping Touchstone file output for non-renormalized data.
   Iteration 4 ...
      mesh worst element aspect ratio: 10.2871 > target: 5
      mesh size: 192
      mesh edge length/wavelength in element: shortest=0.152551 longest=0.825488
      solving 2D ports ...
         Port "input" ...
         | OpenParEM2D Copyright (C) 2022 Brian Young
         | 
         | This program comes with ABSOLUTELY NO WARRANTY.  This is free software,
         | and you are welcome to distribute it under certain conditions. To see
         | the full license, set
         |   output.show.license true
         | in the setup file.
         | 
         | Setting up ...
         |    loading project file "Sinput.proj"
         |    loading materials file "../../../../../../OpenParEM2D/regression/global_materials.txt"
         |    loading mode definition file "Sinput_lines.txt"
         | Loading mesh and assigning materials ...
         |    loading MFEM mesh format
         | Frequency: 9e+09
         |    Using existing mesh ...
         |       mesh size: 10
         |       mesh worst element aspect ratio: 3.89711 < target: 5
         |       Solving ...
         |          matrix size: 1315
         |          solving the eigenvalue problem ...
         |             using initial guess for the dominant eigenvalue
         |             number of iterations: 2
         |          post processing ...
         |          solve elapsed time: 1.3092 s
         |       Results:
         |          -------------------------------------------------------------------------------------------------------------------------
         |           mode     frequency           er,eff       alpha,dB/m  beta/1000,rad/m          beta/ko         Zo(real)         Zo(imag)
         |          -------------------------------------------------------------------------------------------------------------------------
         |           1            9e+09       0.46978408    1.6704931e-11        0.1292858       0.68540796        488.57237     7.064096e-12
         |          -------------------------------------------------------------------------------------------------------------------------
         |       Finished
         |       cummulative elapsed time: 1.34176 s
         | Job Complete
         | Elapsed time: 1.34192 s
         Port "output" ...
         | OpenParEM2D Copyright (C) 2022 Brian Young
         | 
         | This program comes with ABSOLUTELY NO WARRANTY.  This is free software,
         | and you are welcome to distribute it under certain conditions. To see
         | the full license, set
         |   output.show.license true
         | in the setup file.
         | 
         | Setting up ...
         |    loading project file "Soutput.proj"
         |    loading materials file "../../../../../../OpenParEM2D/regression/global_materials.txt"
         |    loading mode definition file "Soutput_lines.txt"
         | Loading mesh and assigning materials ...
         |    loading MFEM mesh format
         | Frequency: 9e+09
         |    Using existing mesh ...
         |       mesh size: 14
         |       mesh worst element aspect ratio: 3.89711 < target: 5
         |       Solving ...
         |          matrix size: 1819
         |          solving the eigenvalue problem ...
         |             using initial guess for the dominant eigenvalue
         |             number of iterations: 2
         |          post processing ...
         |          solve elapsed time: 1.64311 s
         |       Results:
         |          -------------------------------------------------------------------------------------------------------------------------
         |           mode     frequency           er,eff       alpha,dB/m  beta/1000,rad/m          beta/ko         Zo(real)         Zo(imag)
         |          -------------------------------------------------------------------------------------------------------------------------
         |           1            9e+09       0.46978408    9.0007965e-12        0.1292858       0.68540796        488.57237    3.9464117e-12
         |          -------------------------------------------------------------------------------------------------------------------------
         |       Finished
         |       cummulative elapsed time: 1.68181 s
         | Job Complete
         | Elapsed time: 1.68201 s
      building finite element spaces ...
      Driving S-port 1 ...
         solving E field in 3D volume ...
            using Cholesky preconditioner ...
               Converged: RTOL
         solving H field in 3D volume ...
            using Cholesky preconditioner ...
               Converged: RTOL
         post-processing ...
         calculating mesh errors ...
            INFO: Calculated mesh errors are approximate with the final error of 0.00260239 > the target of 0.001.
      Driving S-port 2 ...
         solving E field in 3D volume ...
            using Cholesky preconditioner ...
               Converged: RTOL
         solving H field in 3D volume ...
            using Cholesky preconditioner ...
               Converged: RTOL
         post-processing ...
         calculating mesh errors ...
            INFO: Calculated mesh errors are approximate with the final error of 0.00248633 > the target of 0.001.
         refining mesh ...
            INFO: Skipping Touchstone file output for non-renormalized data.
   Iteration 5 ...
      mesh worst element aspect ratio: 10.2871 > target: 5
      mesh size: 308
      mesh edge length/wavelength in element: shortest=0.152551 longest=0.825488
      solving 2D ports ...
         Port "input" ...
         | OpenParEM2D Copyright (C) 2022 Brian Young
         | 
         | This program comes with ABSOLUTELY NO WARRANTY.  This is free software,
         | and you are welcome to distribute it under certain conditions. To see
         | the full license, set
         |   output.show.license true
         | in the setup file.
         | 
         | Setting up ...
         |    loading project file "Sinput.proj"
         |    loading materials file "../../../../../../OpenParEM2D/regression/global_materials.txt"
         |    loading mode definition file "Sinput_lines.txt"
         | Loading mesh and assigning materials ...
         |    loading MFEM mesh format
         | Frequency: 9e+09
         |    Using existing mesh ...
         |       mesh size: 10
         |       mesh worst element aspect ratio: 3.89711 < target: 5
         |       Solving ...
         |          matrix size: 1315
         |          solving the eigenvalue problem ...
         |             using initial guess for the dominant eigenvalue
         |             number of iterations: 2
         |          post processing ...
         |          solve elapsed time: 1.29767 s
         |       Results:
         |          -------------------------------------------------------------------------------------------------------------------------
         |           mode     frequency           er,eff       alpha,dB/m  beta/1000,rad/m          beta/ko         Zo(real)         Zo(imag)
         |          -------------------------------------------------------------------------------------------------------------------------
         |           1            9e+09       0.46978408   -1.0614641e-11        0.1292858       0.68540796        488.57237   -4.3861722e-12
         |          -------------------------------------------------------------------------------------------------------------------------
         |       Finished
         |       cummulative elapsed time: 1.33074 s
         | Job Complete
         | Elapsed time: 1.3309 s
         Port "output" ...
         | OpenParEM2D Copyright (C) 2022 Brian Young
         | 
         | This program comes with ABSOLUTELY NO WARRANTY.  This is free software,
         | and you are welcome to distribute it under certain conditions. To see
         | the full license, set
         |   output.show.license true
         | in the setup file.
         | 
         | Setting up ...
         |    loading project file "Soutput.proj"
         |    loading materials file "../../../../../../OpenParEM2D/regression/global_materials.txt"
         |    loading mode definition file "Soutput_lines.txt"
         | Loading mesh and assigning materials ...
         |    loading MFEM mesh format
         | Frequency: 9e+09
         |    Using existing mesh ...
         |       mesh size: 14
         |       mesh worst element aspect ratio: 3.89711 < target: 5
         |       Solving ...
         |          matrix size: 1819
         |          solving the eigenvalue problem ...
         |             using initial guess for the dominant eigenvalue
         |             number of iterations: 2
         |          post processing ...
         |          solve elapsed time: 1.57329 s
         |       Results:
         |          -------------------------------------------------------------------------------------------------------------------------
         |           mode     frequency           er,eff       alpha,dB/m  beta/1000,rad/m          beta/ko         Zo(real)         Zo(imag)
         |          -------------------------------------------------------------------------------------------------------------------------
         |           1            9e+09       0.46978408    1.3992892e-11        0.1292858       0.68540796        488.57237    6.0072275e-12
         |          -------------------------------------------------------------------------------------------------------------------------
         |       Finished
         |       cummulative elapsed time: 1.60562 s
         | Job Complete
         | Elapsed time: 1.60576 s
      building finite element spaces ...
      Driving S-port 1 ...
         solving E field in 3D volume ...
            using Cholesky preconditioner ...
               Converged: RTOL
         solving H field in 3D volume ...
            using Cholesky preconditioner ...
               Converged: RTOL
         post-processing ...
         calculating mesh errors ...
            INFO: Calculated mesh errors are approximate with the final error of 0.00258461 > the target of 0.001.
      Driving S-port 2 ...
         solving E field in 3D volume ...
            using Cholesky preconditioner ...
               Converged: RTOL
         solving H field in 3D volume ...
            using Cholesky preconditioner ...
               Converged: RTOL
         post-processing ...
         calculating mesh errors ...
            INFO: Calculated mesh errors are approximate with the final error of 0.00254555 > the target of 0.001.
         refining mesh ...
            INFO: Skipping Touchstone file output for non-renormalized data.
   Iteration 6 ...
      mesh worst element aspect ratio: 11.8138 > target: 5
      mesh size: 412
      mesh edge length/wavelength in element: shortest=0.152551 longest=0.825488
      solving 2D ports ...
         Port "input" ...
         | OpenParEM2D Copyright (C) 2022 Brian Young
         | 
         | This program comes with ABSOLUTELY NO WARRANTY.  This is free software,
         | and you are welcome to distribute it under certain conditions. To see
         | the full license, set
         |   output.show.license true
         | in the setup file.
         | 
         | Setting up ...
         |    loading project file "Sinput.proj"
         |    loading materials file "../../../../../../OpenParEM2D/regression/global_materials.txt"
         |    loading mode definition file "Sinput_lines.txt"
         | Loading mesh and assigning materials ...
         |    loading MFEM mesh format
         | Frequency: 9e+09
         |    Using existing mesh ...
         |       mesh size: 10
         |       mesh worst element aspect ratio: 3.89711 < target: 5
         |       Solving ...
         |          matrix size: 1315
         |          solving the eigenvalue problem ...
         |             using initial guess for the dominant eigenvalue
         |             number of iterations: 2
         |          post processing ...
         |          solve elapsed time: 1.35599 s
         |       Results:
         |          -------------------------------------------------------------------------------------------------------------------------
         |           mode     frequency           er,eff       alpha,dB/m  beta/1000,rad/m          beta/ko         Zo(real)         Zo(imag)
         |          -------------------------------------------------------------------------------------------------------------------------
         |           1            9e+09       0.46978408    6.2399125e-12        0.1292858       0.68540796        488.57237    2.7121457e-12
         |          -------------------------------------------------------------------------------------------------------------------------
         |       Finished
         |       cummulative elapsed time: 1.38863 s
         | Job Complete
         | Elapsed time: 1.38883 s
         Port "output" ...
         | OpenParEM2D Copyright (C) 2022 Brian Young
         | 
         | This program comes with ABSOLUTELY NO WARRANTY.  This is free software,
         | and you are welcome to distribute it under certain conditions. To see
         | the full license, set
         |   output.show.license true
         | in the setup file.
         | 
         | Setting up ...
         |    loading project file "Soutput.proj"
         |    loading materials file "../../../../../../OpenParEM2D/regression/global_materials.txt"
         |    loading mode definition file "Soutput_lines.txt"
         | Loading mesh and assigning materials ...
         |    loading MFEM mesh format
         | Frequency: 9e+09
         |    Using existing mesh ...
         |       mesh size: 14
         |       mesh worst element aspect ratio: 3.89711 < target: 5
         |       Solving ...
         |          matrix size: 1819
         |          solving the eigenvalue problem ...
         |             using initial guess for the dominant eigenvalue
         |             number of iterations: 2
         |          post processing ...
         |          solve elapsed time: 1.59264 s
         |       Results:
         |          -------------------------------------------------------------------------------------------------------------------------
         |           mode     frequency           er,eff       alpha,dB/m  beta/1000,rad/m          beta/ko         Zo(real)         Zo(imag)
         |          -------------------------------------------------------------------------------------------------------------------------
         |           1            9e+09       0.46978408   -3.8834779e-12        0.1292858       0.68540796        488.57237   -1.5275774e-12
         |          -------------------------------------------------------------------------------------------------------------------------
         |       Finished
         |       cummulative elapsed time: 1.63174 s
         | Job Complete
         | Elapsed time: 1.6319 s
      building finite element spaces ...
      Driving S-port 1 ...
         solving E field in 3D volume ...
            using Cholesky preconditioner ...
               Converged: RTOL
         solving H field in 3D volume ...
            using Cholesky preconditioner ...
               Converged: RTOL
         post-processing ...
         calculating mesh errors ...
            INFO: Calculated mesh errors are approximate with the final error of 0.00284028 > the target of 0.001.
      Driving S-port 2 ...
         solving E field in 3D volume ...
            using Cholesky preconditioner ...
               Converged: RTOL
         solving H field in 3D volume ...
            using Cholesky preconditioner ...
               Converged: RTOL
         post-processing ...
         calculating mesh errors ...
            INFO: Calculated mesh errors are approximate with the final error of 0.00276012 > the target of 0.001.
         refining mesh ...
            INFO: Skipping Touchstone file output for non-renormalized data.
   Iteration 7 ...
      mesh worst element aspect ratio: 11.8138 > target: 5
      mesh size: 558
      mesh edge length/wavelength in element: shortest=0.0762756 longest=0.766087
      solving 2D ports ...
         Port "input" ...
         | OpenParEM2D Copyright (C) 2022 Brian Young
         | 
         | This program comes with ABSOLUTELY NO WARRANTY.  This is free software,
         | and you are welcome to distribute it under certain conditions. To see
         | the full license, set
         |   output.show.license true
         | in the setup file.
         | 
         | Setting up ...
         |    loading project file "Sinput.proj"
         |    loading materials file "../../../../../../OpenParEM2D/regression/global_materials.txt"
         |    loading mode definition file "Sinput_lines.txt"
         | Loading mesh and assigning materials ...
         |    loading MFEM mesh format
         | Frequency: 9e+09
         |    Using existing mesh ...
         |       mesh size: 13
         |       mesh worst element aspect ratio: 3.89711 < target: 5
         |       Solving ...
         |          matrix size: 1702
         |          solving the eigenvalue problem ...
         |             using initial guess for the dominant eigenvalue
         |             number of iterations: 2
         |          post processing ...
         |          solve elapsed time: 1.49563 s
         |       Results:
         |          -------------------------------------------------------------------------------------------------------------------------
         |           mode     frequency           er,eff       alpha,dB/m  beta/1000,rad/m          beta/ko         Zo(real)         Zo(imag)
         |          -------------------------------------------------------------------------------------------------------------------------
         |           1            9e+09       0.46978408    1.8010278e-12        0.1292858       0.68540796        488.57237    1.0099111e-12
         |          -------------------------------------------------------------------------------------------------------------------------
         |       Finished
         |       cummulative elapsed time: 1.53418 s
         | Job Complete
         | Elapsed time: 1.53433 s
         Port "output" ...
         | OpenParEM2D Copyright (C) 2022 Brian Young
         | 
         | This program comes with ABSOLUTELY NO WARRANTY.  This is free software,
         | and you are welcome to distribute it under certain conditions. To see
         | the full license, set
         |   output.show.license true
         | in the setup file.
         | 
         | Setting up ...
         |    loading project file "Soutput.proj"
         |    loading materials file "../../../../../../OpenParEM2D/regression/global_materials.txt"
         |    loading mode definition file "Soutput_lines.txt"
         | Loading mesh and assigning materials ...
         |    loading MFEM mesh format
         | Frequency: 9e+09
         |    Using existing mesh ...
         |       mesh size: 14
         |       mesh worst element aspect ratio: 3.89711 < target: 5
         |       Solving ...
         |          matrix size: 1819
         |          solving the eigenvalue problem ...
         |             using initial guess for the dominant eigenvalue
         |             number of iterations: 2
         |          post processing ...
         |          solve elapsed time: 1.59486 s
         |       Results:
         |          -------------------------------------------------------------------------------------------------------------------------
         |           mode     frequency           er,eff       alpha,dB/m  beta/1000,rad/m          beta/ko         Zo(real)         Zo(imag)
         |          -------------------------------------------------------------------------------------------------------------------------
         |           1            9e+09       0.46978408    6.9059463e-12        0.1292858       0.68540796        488.57237    2.9492238e-12
         |          -------------------------------------------------------------------------------------------------------------------------
         |       Finished
         |       cummulative elapsed time: 1.63406 s
         | Job Complete
         | Elapsed time: 1.63426 s
      building finite element spaces ...
      Driving S-port 1 ...
         solving E field in 3D volume ...
            using Cholesky preconditioner ...
               Converged: RTOL
         solving H field in 3D volume ...
            using Cholesky preconditioner ...
               Converged: RTOL
         post-processing ...
         calculating mesh errors ...
            INFO: Calculated mesh errors are approximate with the final error of 0.002788 > the target of 0.001.
      Driving S-port 2 ...
         solving E field in 3D volume ...
            using Cholesky preconditioner ...
               Converged: RTOL
         solving H field in 3D volume ...
            using Cholesky preconditioner ...
               Converged: RTOL
         post-processing ...
         calculating mesh errors ...
            INFO: Calculated mesh errors are approximate with the final error of 0.00280074 > the target of 0.001.
         refining mesh ...
            INFO: Skipping Touchstone file output for non-renormalized data.
   Iteration 8 ...
      mesh worst element aspect ratio: 11.8138 > target: 5
      mesh size: 695
      mesh edge length/wavelength in element: shortest=0.0762756 longest=0.750744
      solving 2D ports ...
         Port "input" ...
         | OpenParEM2D Copyright (C) 2022 Brian Young
         | 
         | This program comes with ABSOLUTELY NO WARRANTY.  This is free software,
         | and you are welcome to distribute it under certain conditions. To see
         | the full license, set
         |   output.show.license true
         | in the setup file.
         | 
         | Setting up ...
         |    loading project file "Sinput.proj"
         |    loading materials file "../../../../../../OpenParEM2D/regression/global_materials.txt"
         |    loading mode definition file "Sinput_lines.txt"
         | Loading mesh and assigning materials ...
         |    loading MFEM mesh format
         | Frequency: 9e+09
         |    Using existing mesh ...
         |       mesh size: 13
         |       mesh worst element aspect ratio: 3.89711 < target: 5
         |       Solving ...
         |          matrix size: 1702
         |          solving the eigenvalue problem ...
         |             using initial guess for the dominant eigenvalue
         |             number of iterations: 2
         |          post processing ...
         |          solve elapsed time: 1.49173 s
         |       Results:
         |          -------------------------------------------------------------------------------------------------------------------------
         |           mode     frequency           er,eff       alpha,dB/m  beta/1000,rad/m          beta/ko         Zo(real)         Zo(imag)
         |          -------------------------------------------------------------------------------------------------------------------------
         |           1            9e+09       0.46978408   -2.5262509e-12        0.1292858       0.68540796        488.57237   -1.2516489e-12
         |          -------------------------------------------------------------------------------------------------------------------------
         |       Finished
         |       cummulative elapsed time: 1.52975 s
         | Job Complete
         | Elapsed time: 1.52991 s
         Port "output" ...
         | OpenParEM2D Copyright (C) 2022 Brian Young
         | 
         | This program comes with ABSOLUTELY NO WARRANTY.  This is free software,
         | and you are welcome to distribute it under certain conditions. To see
         | the full license, set
         |   output.show.license true
         | in the setup file.
         | 
         | Setting up ...
         |    loading project file "Soutput.proj"
         |    loading materials file "../../../../../../OpenParEM2D/regression/global_materials.txt"
         |    loading mode definition file "Soutput_lines.txt"
         | Loading mesh and assigning materials ...
         |    loading MFEM mesh format
         | Frequency: 9e+09
         |    Using existing mesh ...
         |       mesh size: 14
         |       mesh worst element aspect ratio: 3.89711 < target: 5
         |       Solving ...
         |          matrix size: 1819
         |          solving the eigenvalue problem ...
         |             using initial guess for the dominant eigenvalue
         |             number of iterations: 2
         |          post processing ...
         |          solve elapsed time: 1.59545 s
         |       Results:
         |          -------------------------------------------------------------------------------------------------------------------------
         |           mode     frequency           er,eff       alpha,dB/m  beta/1000,rad/m          beta/ko         Zo(real)         Zo(imag)
         |          -------------------------------------------------------------------------------------------------------------------------
         |           1            9e+09       0.46978408    1.7307818e-12        0.1292858       0.68540796        488.57237    6.3498598e-13
         |          -------------------------------------------------------------------------------------------------------------------------
         |       Finished
         |       cummulative elapsed time: 1.63447 s
         | Job Complete
         | Elapsed time: 1.63463 s
      building finite element spaces ...
      Driving S-port 1 ...
         solving E field in 3D volume ...
            using Cholesky preconditioner ...
               Converged: RTOL
         solving H field in 3D volume ...
            using Cholesky preconditioner ...
               Converged: RTOL
         post-processing ...
         calculating mesh errors ...
            INFO: Calculated mesh errors are approximate with the final error of 0.00278436 > the target of 0.001.
      Driving S-port 2 ...
         solving E field in 3D volume ...
            using Cholesky preconditioner ...
               Converged: RTOL
         solving H field in 3D volume ...
            using Cholesky preconditioner ...
               Converged: RTOL
         post-processing ...
         calculating mesh errors ...
            INFO: Calculated mesh errors are approximate with the final error of 0.00291247 > the target of 0.001.
         refining mesh ...
            INFO: Skipping Touchstone file output for non-renormalized data.
   Iteration 9 ...
      mesh worst element aspect ratio: 13.0101 > target: 5
      mesh size: 873
      mesh edge length/wavelength in element: shortest=0.0762756 longest=0.750744
      solving 2D ports ...
         Port "input" ...
         | OpenParEM2D Copyright (C) 2022 Brian Young
         | 
         | This program comes with ABSOLUTELY NO WARRANTY.  This is free software,
         | and you are welcome to distribute it under certain conditions. To see
         | the full license, set
         |   output.show.license true
         | in the setup file.
         | 
         | Setting up ...
         |    loading project file "Sinput.proj"
         |    loading materials file "../../../../../../OpenParEM2D/regression/global_materials.txt"
         |    loading mode definition file "Sinput_lines.txt"
         | Loading mesh and assigning materials ...
         |    loading MFEM mesh format
         | Frequency: 9e+09
         |    Using existing mesh ...
         |       mesh size: 13
         |       mesh worst element aspect ratio: 3.89711 < target: 5
         |       Solving ...
         |          matrix size: 1702
         |          solving the eigenvalue problem ...
         |             using initial guess for the dominant eigenvalue
         |             number of iterations: 2
         |          post processing ...
         |          solve elapsed time: 1.48907 s
         |       Results:
         |          -------------------------------------------------------------------------------------------------------------------------
         |           mode     frequency           er,eff       alpha,dB/m  beta/1000,rad/m          beta/ko         Zo(real)         Zo(imag)
         |          -------------------------------------------------------------------------------------------------------------------------
         |           1            9e+09       0.46978408    8.9790259e-13        0.1292858       0.68540796        488.57237    3.4476675e-13
         |          -------------------------------------------------------------------------------------------------------------------------
         |       Finished
         |       cummulative elapsed time: 1.52723 s
         | Job Complete
         | Elapsed time: 1.52737 s
         Port "output" ...
         | OpenParEM2D Copyright (C) 2022 Brian Young
         | 
         | This program comes with ABSOLUTELY NO WARRANTY.  This is free software,
         | and you are welcome to distribute it under certain conditions. To see
         | the full license, set
         |   output.show.license true
         | in the setup file.
         | 
         | Setting up ...
         |    loading project file "Soutput.proj"
         |    loading materials file "../../../../../../OpenParEM2D/regression/global_materials.txt"
         |    loading mode definition file "Soutput_lines.txt"
         | Loading mesh and assigning materials ...
         |    loading MFEM mesh format
         | Frequency: 9e+09
         |    Using existing mesh ...
         |       mesh size: 26
         |       mesh worst element aspect ratio: 3.89711 < target: 5
         |       Solving ...
         |          matrix size: 3349
         |          solving the eigenvalue problem ...
         |             using initial guess for the dominant eigenvalue
         |             number of iterations: 2
         |          post processing ...
           Hfield NOT CONVERGED         |          solve elapsed time: 2.73021 s
         |       Results:
         |          -------------------------------------------------------------------------------------------------------------------------
         |           mode     frequency           er,eff       alpha,dB/m  beta/1000,rad/m          beta/ko         Zo(real)         Zo(imag)
         |          -------------------------------------------------------------------------------------------------------------------------
         |           1            9e+09       0.46978408   -1.9151769e-13        0.1292858       0.68540796        488.57237   -2.6319824e-13
         |          -------------------------------------------------------------------------------------------------------------------------
         |       Finished
         |       cummulative elapsed time: 2.78891 s
         | Job Complete
         | Elapsed time: 2.78905 s
      building finite element spaces ...
      Driving S-port 1 ...
         solving E field in 3D volume ...
            using Cholesky preconditioner ...
               Converged: RTOL
         solving H field in 3D volume ...
            using Cholesky preconditioner ...
               Converged: RTOL
         post-processing ...
         calculating mesh errors ...
            INFO: Calculated mesh errors are approximate with the final error of 0.00294493 > the target of 0.001.
      Driving S-port 2 ...
         solving E field in 3D volume ...
            using Cholesky preconditioner ...
               Converged: RTOL
         solving H field in 3D volume ...
            using Cholesky preconditioner ...
               Converged: RTOL
         post-processing ...
         calculating mesh errors ...
            INFO: Calculated mesh errors are approximate with the final error of 0.00299131 > the target of 0.001.
         refining mesh ...
            INFO: Skipping Touchstone file output for non-renormalized data.
   Iteration 10 ...
      mesh worst element aspect ratio: 13.0101 > target: 5
      mesh size: 1063
      mesh edge length/wavelength in element: shortest=0.0762756 longest=0.750744
      solving 2D ports ...
         Port "input" ...
         | OpenParEM2D Copyright (C) 2022 Brian Young
         | 
         | This program comes with ABSOLUTELY NO WARRANTY.  This is free software,
         | and you are welcome to distribute it under certain conditions. To see
         | the full license, set
         |   output.show.license true
         | in the setup file.
         | 
         | Setting up ...
         |    loading project file "Sinput.proj"
         |    loading materials file "../../../../../../OpenParEM2D/regression/global_materials.txt"
         |    loading mode definition file "Sinput_lines.txt"
         | Loading mesh and assigning materials ...
         |    loading MFEM mesh format
         | Frequency: 9e+09
         |    Using existing mesh ...
         |       mesh size: 32
         |       mesh worst element aspect ratio: 3.89711 < target: 5
         |       Solving ...
         |          matrix size: 4123
         |          solving the eigenvalue problem ...
         |             using initial guess for the dominant eigenvalue
         |             number of iterations: 2
         |          post processing ...
         |          solve elapsed time: 3.60044 s
         |       Results:
         |          -------------------------------------------------------------------------------------------------------------------------
         |           mode     frequency           er,eff       alpha,dB/m  beta/1000,rad/m          beta/ko         Zo(real)         Zo(imag)
         |          -------------------------------------------------------------------------------------------------------------------------
         |           1            9e+09       0.46978408    1.1147886e-12        0.1292858       0.68540796        488.57237    5.0533678e-13
         |          -------------------------------------------------------------------------------------------------------------------------
         |       Finished
         |       cummulative elapsed time: 3.67624 s
         | Job Complete
         | Elapsed time: 3.67638 s
         Port "output" ...
         | OpenParEM2D Copyright (C) 2022 Brian Young
         | 
         | This program comes with ABSOLUTELY NO WARRANTY.  This is free software,
         | and you are welcome to distribute it under certain conditions. To see
         | the full license, set
         |   output.show.license true
         | in the setup file.
         | 
         | Setting up ...
         |    loading project file "Soutput.proj"
         |    loading materials file "../../../../../../OpenParEM2D/regression/global_materials.txt"
         |    loading mode definition file "Soutput_lines.txt"
         | Loading mesh and assigning materials ...
         |    loading MFEM mesh format
         | Frequency: 9e+09
         |    Using existing mesh ...
         |       mesh size: 26
         |       mesh worst element aspect ratio: 3.89711 < target: 5
         |       Solving ...
         |          matrix size: 3349
         |          solving the eigenvalue problem ...
         |             using initial guess for the dominant eigenvalue
         |             number of iterations: 2
         |          post processing ...
           Hfield NOT CONVERGED         |          solve elapsed time: 2.64153 s
         |       Results:
         |          -------------------------------------------------------------------------------------------------------------------------
         |           mode     frequency           er,eff       alpha,dB/m  beta/1000,rad/m          beta/ko         Zo(real)         Zo(imag)
         |          -------------------------------------------------------------------------------------------------------------------------
         |           1            9e+09       0.46978408   -6.2195372e-13        0.1292858       0.68540796        488.57237   -1.6340976e-13
         |          -------------------------------------------------------------------------------------------------------------------------
         |       Finished
         |       cummulative elapsed time: 2.70205 s
         | Job Complete
         | Elapsed time: 2.70218 s
      building finite element spaces ...
      Driving S-port 1 ...
         solving E field in 3D volume ...
            using Cholesky preconditioner ...
               Converged: RTOL
         solving H field in 3D volume ...
            using Cholesky preconditioner ...
               Converged: RTOL
         post-processing ...
         calculating mesh errors ...
            INFO: Calculated mesh errors are approximate with the final error of 0.00300432 > the target of 0.001.
      Driving S-port 2 ...
         solving E field in 3D volume ...
            using Cholesky preconditioner ...
               Converged: RTOL
         solving H field in 3D volume ...
            using Cholesky preconditioner ...
               Converged: RTOL
         post-processing ...
         calculating mesh errors ...
            INFO: Calculated mesh errors are approximate with the final error of 0.00306459 > the target of 0.001.
         refining mesh ...
            INFO: Skipping Touchstone file output for non-renormalized data.
   Iteration 11 ...
      mesh worst element aspect ratio: 13.0101 > target: 5
      mesh size: 1308
      mesh edge length/wavelength in element: shortest=0.0762756 longest=0.750744
      solving 2D ports ...
         Port "input" ...
         | OpenParEM2D Copyright (C) 2022 Brian Young
         | 
         | This program comes with ABSOLUTELY NO WARRANTY.  This is free software,
         | and you are welcome to distribute it under certain conditions. To see
         | the full license, set
         |   output.show.license true
         | in the setup file.
         | 
         | Setting up ...
         |    loading project file "Sinput.proj"
         |    loading materials file "../../../../../../OpenParEM2D/regression/global_materials.txt"
         |    loading mode definition file "Sinput_lines.txt"
         | Loading mesh and assigning materials ...
         |    loading MFEM mesh format
         | Frequency: 9e+09
         |    Using existing mesh ...
         |       mesh size: 32
         |       mesh worst element aspect ratio: 3.89711 < target: 5
         |       Solving ...
         |          matrix size: 4123
         |          solving the eigenvalue problem ...
         |             using initial guess for the dominant eigenvalue
         |             number of iterations: 2
         |          post processing ...
         |          solve elapsed time: 3.59863 s
         |       Results:
         |          -------------------------------------------------------------------------------------------------------------------------
         |           mode     frequency           er,eff       alpha,dB/m  beta/1000,rad/m          beta/ko         Zo(real)         Zo(imag)
         |          -------------------------------------------------------------------------------------------------------------------------
         |           1            9e+09       0.46978408   -9.3423011e-13        0.1292858       0.68540796        488.57237   -4.1768468e-13
         |          -------------------------------------------------------------------------------------------------------------------------
         |       Finished
         |       cummulative elapsed time: 3.67436 s
         | Job Complete
         | Elapsed time: 3.67451 s
         Port "output" ...
         | OpenParEM2D Copyright (C) 2022 Brian Young
         | 
         | This program comes with ABSOLUTELY NO WARRANTY.  This is free software,
         | and you are welcome to distribute it under certain conditions. To see
         | the full license, set
         |   output.show.license true
         | in the setup file.
         | 
         | Setting up ...
         |    loading project file "Soutput.proj"
         |    loading materials file "../../../../../../OpenParEM2D/regression/global_materials.txt"
         |    loading mode definition file "Soutput_lines.txt"
         | Loading mesh and assigning materials ...
         |    loading MFEM mesh format
         | Frequency: 9e+09
         |    Using existing mesh ...
         |       mesh size: 34
         |       mesh worst element aspect ratio: 3.89711 < target: 5
         |       Solving ...
         |          matrix size: 4375
         |          solving the eigenvalue problem ...
         |             using initial guess for the dominant eigenvalue
         |             number of iterations: 2
         |          post processing ...
         |          solve elapsed time: 3.74523 s
         |       Results:
         |          -------------------------------------------------------------------------------------------------------------------------
         |           mode     frequency           er,eff       alpha,dB/m  beta/1000,rad/m          beta/ko         Zo(real)         Zo(imag)
         |          -------------------------------------------------------------------------------------------------------------------------
         |           1            9e+09       0.46978408    1.9239006e-12        0.1292858       0.68540796        488.57237     9.028031e-13
         |          -------------------------------------------------------------------------------------------------------------------------
         |       Finished
         |       cummulative elapsed time: 3.82545 s
         | Job Complete
         | Elapsed time: 3.82559 s
      building finite element spaces ...
      Driving S-port 1 ...
         solving E field in 3D volume ...
            using Cholesky preconditioner ...
               Converged: RTOL
         solving H field in 3D volume ...
            using Cholesky preconditioner ...
               Converged: RTOL
         post-processing ...
         calculating mesh errors ...
            INFO: Calculated mesh errors are approximate with the final error of 0.0030966 > the target of 0.001.
      Driving S-port 2 ...
         solving E field in 3D volume ...
            using Cholesky preconditioner ...
               Converged: RTOL
         solving H field in 3D volume ...
            using Cholesky preconditioner ...
               Converged: RTOL
         post-processing ...
         calculating mesh errors ...
            INFO: Calculated mesh errors are approximate with the final error of 0.00307917 > the target of 0.001.
         refining mesh ...
            INFO: Skipping Touchstone file output for non-renormalized data.
   Iteration 12 ...
      mesh worst element aspect ratio: 11.8138 > target: 5
      mesh size: 1743
      mesh edge length/wavelength in element: shortest=0.0762756 longest=0.412744
      solving 2D ports ...
         Port "input" ...
         | OpenParEM2D Copyright (C) 2022 Brian Young
         | 
         | This program comes with ABSOLUTELY NO WARRANTY.  This is free software,
         | and you are welcome to distribute it under certain conditions. To see
         | the full license, set
         |   output.show.license true
         | in the setup file.
         | 
         | Setting up ...
         |    loading project file "Sinput.proj"
         |    loading materials file "../../../../../../OpenParEM2D/regression/global_materials.txt"
         |    loading mode definition file "Sinput_lines.txt"
         | Loading mesh and assigning materials ...
         |    loading MFEM mesh format
         | Frequency: 9e+09
         |    Using existing mesh ...
         |       mesh size: 37
         |       mesh worst element aspect ratio: 3.89711 < target: 5
         |       Solving ...
         |          matrix size: 4762
         |          solving the eigenvalue problem ...
         |             using initial guess for the dominant eigenvalue
         |             number of iterations: 2
         |          post processing ...
         |          solve elapsed time: 3.72822 s
         |       Results:
         |          -------------------------------------------------------------------------------------------------------------------------
         |           mode     frequency           er,eff       alpha,dB/m  beta/1000,rad/m          beta/ko         Zo(real)         Zo(imag)
         |          -------------------------------------------------------------------------------------------------------------------------
         |           1            9e+09       0.46978408   -8.4017211e-12        0.1292858       0.68540796        488.57237   -3.6330002e-12
         |          -------------------------------------------------------------------------------------------------------------------------
         |       Finished
         |       cummulative elapsed time: 3.80684 s
         | Job Complete
         | Elapsed time: 3.80697 s
         Port "output" ...
         | OpenParEM2D Copyright (C) 2022 Brian Young
         | 
         | This program comes with ABSOLUTELY NO WARRANTY.  This is free software,
         | and you are welcome to distribute it under certain conditions. To see
         | the full license, set
         |   output.show.license true
         | in the setup file.
         | 
         | Setting up ...
         |    loading project file "Soutput.proj"
         |    loading materials file "../../../../../../OpenParEM2D/regression/global_materials.txt"
         |    loading mode definition file "Soutput_lines.txt"
         | Loading mesh and assigning materials ...
         |    loading MFEM mesh format
         | Frequency: 9e+09
         |    Using existing mesh ...
         |       mesh size: 34
         |       mesh worst element aspect ratio: 3.89711 < target: 5
         |       Solving ...
         |          matrix size: 4375
         |          solving the eigenvalue problem ...
         |             using initial guess for the dominant eigenvalue
         |             number of iterations: 2
         |          post processing ...
         |          solve elapsed time: 3.78085 s
         |       Results:
         |          -------------------------------------------------------------------------------------------------------------------------
         |           mode     frequency           er,eff       alpha,dB/m  beta/1000,rad/m          beta/ko         Zo(real)         Zo(imag)
         |          -------------------------------------------------------------------------------------------------------------------------
         |           1            9e+09       0.46978408    1.2470951e-12        0.1292858       0.68540796        488.57237    5.7584316e-13
         |          -------------------------------------------------------------------------------------------------------------------------
         |       Finished
         |       cummulative elapsed time: 3.86116 s
         | Job Complete
         | Elapsed time: 3.86129 s
      building finite element spaces ...
      Driving S-port 1 ...
         solving E field in 3D volume ...
            using Cholesky preconditioner ...
               Converged: RTOL
         solving H field in 3D volume ...
            using Cholesky preconditioner ...
               Converged: RTOL
         post-processing ...
         calculating mesh errors ...
            INFO: Calculated mesh errors are approximate with the final error of 0.0032138 > the target of 0.001.
      Driving S-port 2 ...
         solving E field in 3D volume ...
            using Cholesky preconditioner ...
               Converged: RTOL
         solving H field in 3D volume ...
            using Cholesky preconditioner ...
               Converged: RTOL
         post-processing ...
         calculating mesh errors ...
            INFO: Calculated mesh errors are approximate with the final error of 0.00327931 > the target of 0.001.
         refining mesh ...
            INFO: Skipping Touchstone file output for non-renormalized data.
   Iteration 13 ...
      mesh worst element aspect ratio: 11.8138 > target: 5
      mesh size: 2210
      mesh edge length/wavelength in element: shortest=0.0381378 longest=0.412744
      solving 2D ports ...
         Port "input" ...
         | OpenParEM2D Copyright (C) 2022 Brian Young
         | 
         | This program comes with ABSOLUTELY NO WARRANTY.  This is free software,
         | and you are welcome to distribute it under certain conditions. To see
         | the full license, set
         |   output.show.license true
         | in the setup file.
         | 
         | Setting up ...
         |    loading project file "Sinput.proj"
         |    loading materials file "../../../../../../OpenParEM2D/regression/global_materials.txt"
         |    loading mode definition file "Sinput_lines.txt"
         | Loading mesh and assigning materials ...
         |    loading MFEM mesh format
         | Frequency: 9e+09
         |    Using existing mesh ...
         |       mesh size: 45
         |       mesh worst element aspect ratio: 3.89711 < target: 5
         |       Solving ...
         |          matrix size: 5770
         |          solving the eigenvalue problem ...
         |             using initial guess for the dominant eigenvalue
         |             number of iterations: 2
         |          post processing ...
         |          solve elapsed time: 4.56979 s
         |       Results:
         |          -------------------------------------------------------------------------------------------------------------------------
         |           mode     frequency           er,eff       alpha,dB/m  beta/1000,rad/m          beta/ko         Zo(real)         Zo(imag)
         |          -------------------------------------------------------------------------------------------------------------------------
         |           1            9e+09       0.46978408     5.538666e-13        0.1292858       0.68540796        488.57237    2.4902316e-13
         |          -------------------------------------------------------------------------------------------------------------------------
         |       Finished
         |       cummulative elapsed time: 4.66987 s
         | Job Complete
         | Elapsed time: 4.67005 s
         Port "output" ...
         | OpenParEM2D Copyright (C) 2022 Brian Young
         | 
         | This program comes with ABSOLUTELY NO WARRANTY.  This is free software,
         | and you are welcome to distribute it under certain conditions. To see
         | the full license, set
         |   output.show.license true
         | in the setup file.
         | 
         | Setting up ...
         |    loading project file "Soutput.proj"
         |    loading materials file "../../../../../../OpenParEM2D/regression/global_materials.txt"
         |    loading mode definition file "Soutput_lines.txt"
         | Loading mesh and assigning materials ...
         |    loading MFEM mesh format
         | Frequency: 9e+09
         |    Using existing mesh ...
         |       mesh size: 42
         |       mesh worst element aspect ratio: 3.89711 < target: 5
         |       Solving ...
         |          matrix size: 5383
         |          solving the eigenvalue problem ...
         |             using initial guess for the dominant eigenvalue
         |             number of iterations: 2
         |          post processing ...
         |          solve elapsed time: 4.15911 s
         |       Results:
         |          -------------------------------------------------------------------------------------------------------------------------
         |           mode     frequency           er,eff       alpha,dB/m  beta/1000,rad/m          beta/ko         Zo(real)         Zo(imag)
         |          -------------------------------------------------------------------------------------------------------------------------
         |           1            9e+09       0.46978408    8.7300418e-12        0.1292858       0.68540796        488.57237    3.7909212e-12
         |          -------------------------------------------------------------------------------------------------------------------------
         |       Finished
         |       cummulative elapsed time: 4.24589 s
         | Job Complete
         | Elapsed time: 4.24603 s
      building finite element spaces ...
      Driving S-port 1 ...
         solving E field in 3D volume ...
            using Cholesky preconditioner ...
               Converged: RTOL
         solving H field in 3D volume ...
            using Cholesky preconditioner ...
               Converged: RTOL
         post-processing ...
         calculating mesh errors ...
            INFO: Calculated mesh errors are approximate with the final error of 0.00321763 > the target of 0.001.
      Driving S-port 2 ...
         solving E field in 3D volume ...
            using Cholesky preconditioner ...
               Converged: RTOL
         solving H field in 3D volume ...
            using Cholesky preconditioner ...
               Converged: RTOL
         post-processing ...
         calculating mesh errors ...
            INFO: Calculated mesh errors are approximate with the final error of 0.00323809 > the target of 0.001.
         refining mesh ...
            INFO: Skipping Touchstone file output for non-renormalized data.
   Iteration 14 ...
      mesh worst element aspect ratio: 12.8952 > target: 5
      mesh size: 3075
      mesh edge length/wavelength in element: shortest=0.0381378 longest=0.412744
      solving 2D ports ...
         Port "input" ...
         | OpenParEM2D Copyright (C) 2022 Brian Young
         | 
         | This program comes with ABSOLUTELY NO WARRANTY.  This is free software,
         | and you are welcome to distribute it under certain conditions. To see
         | the full license, set
         |   output.show.license true
         | in the setup file.
         | 
         | Setting up ...
         |    loading project file "Sinput.proj"
         |    loading materials file "../../../../../../OpenParEM2D/regression/global_materials.txt"
         |    loading mode definition file "Sinput_lines.txt"
         | Loading mesh and assigning materials ...
         |    loading MFEM mesh format
         | Frequency: 9e+09
         |    Using existing mesh ...
         |       mesh size: 49
         |       mesh worst element aspect ratio: 3.89711 < target: 5
         |       Solving ...
         |          matrix size: 6274
         |          solving the eigenvalue problem ...
         |             using initial guess for the dominant eigenvalue
         |             number of iterations: 2
         |          post processing ...
         |          solve elapsed time: 4.80895 s
         |       Results:
         |          -------------------------------------------------------------------------------------------------------------------------
         |           mode     frequency           er,eff       alpha,dB/m  beta/1000,rad/m          beta/ko         Zo(real)         Zo(imag)
         |          -------------------------------------------------------------------------------------------------------------------------
         |           1            9e+09       0.46978408    1.5191871e-12        0.1292858       0.68540796        488.57237    7.2097107e-13
         |          -------------------------------------------------------------------------------------------------------------------------
         |       Finished
         |       cummulative elapsed time: 4.91266 s
         | Job Complete
         | Elapsed time: 4.91281 s
         Port "output" ...
         | OpenParEM2D Copyright (C) 2022 Brian Young
         | 
         | This program comes with ABSOLUTELY NO WARRANTY.  This is free software,
         | and you are welcome to distribute it under certain conditions. To see
         | the full license, set
         |   output.show.license true
         | in the setup file.
         | 
         | Setting up ...
         |    loading project file "Soutput.proj"
         |    loading materials file "../../../../../../OpenParEM2D/regression/global_materials.txt"
         |    loading mode definition file "Soutput_lines.txt"
         | Loading mesh and assigning materials ...
         |    loading MFEM mesh format
         | Frequency: 9e+09
         |    Using existing mesh ...
         |       mesh size: 42
         |       mesh worst element aspect ratio: 3.89711 < target: 5
         |       Solving ...
         |          matrix size: 5383
         |          solving the eigenvalue problem ...
         |             using initial guess for the dominant eigenvalue
         |             number of iterations: 2
         |          post processing ...
         |          solve elapsed time: 4.18266 s
         |       Results:
         |          -------------------------------------------------------------------------------------------------------------------------
         |           mode     frequency           er,eff       alpha,dB/m  beta/1000,rad/m          beta/ko         Zo(real)         Zo(imag)
         |          -------------------------------------------------------------------------------------------------------------------------
         |           1            9e+09       0.46978408    6.8557353e-12        0.1292858       0.68540796        488.57237    2.9614528e-12
         |          -------------------------------------------------------------------------------------------------------------------------
         |       Finished
         |       cummulative elapsed time: 4.2738 s
         | Job Complete
         | Elapsed time: 4.27396 s
      building finite element spaces ...
      Driving S-port 1 ...
         solving E field in 3D volume ...
--------------------------------------------------------------------------
Primary job  terminated normally, but 1 process returned
a non-zero exit code. Per user-direction, the job has been aborted.
--------------------------------------------------------------------------
--------------------------------------------------------------------------
mpirun noticed that process rank 1 with PID 0 on node Precision-T7920 exited on signal 9 (Killed).
--------------------------------------------------------------------------
